3
N 1 2 3 
3
N 1 2 6 
3
N 2 3 4 
6
N 1 2 3 5 6 7 
6
N 1 3 4 5 6 7 
6
N 1 3 5 7 9 10 
6
N 1 2 5 8 9 11 
5
N 2 3 4 5 10 
7
N 2 5 6 7 8 9 10 
6
N 1 2 3 4 5 13 
6
N 3 4 6 7 11 14 
7
N 1 4 6 7 9 13 14 
8
N 1 2 3 6 12 13 15 16 
8
N 2 4 5 6 12 15 16 17 
9
N 1 3 5 7 8 9 11 14 19 
9
N 1 4 5 7 9 11 13 16 19 
8
N 1 2 5 15 17 18 19 21 
8
N 3 5 6 9 10 11 13 16 
8
N 1 4 6 7 8 10 12 18 
9
N 4 5 6 8 11 13 17 18 20 
9
N 2 4 6 7 12 13 15 16 17 
9
N 3 4 9 10 13 15 17 19 23 
8
N 2 3 4 6 7 10 17 23 
9
N 3 7 12 13 14 15 17 18 26 
10
N 1 2 4 9 13 15 21 23 24 28 
9
N 2 4 13 14 15 18 22 25 26 
10
N 3 6 11 15 17 20 23 25 28 29 
9
N 2 3 5 6 10 16 18 21 32 
9
N 1 3 4 5 7 11 22 26 27 
10
N 3 8 15 16 23 24 26 27 29 30 
8
N 1 3 6 7 8 17 27 33 
10
N 2 5 6 7 11 13 19 22 29 35 
9
N 1 6 8 11 12 16 18 22 33 
10
N 1 2 10 12 18 19 29 30 33 37 
10
N 4 14 15 16 17 25 33 35 37 38 
11
N 2 7 14 16 18 20 30 31 33 36 40 
11
N 2 3 10 17 18 19 22 29 36 39 41 
10
N 3 7 8 14 20 29 35 40 41 42 
12
N 2 3 8 14 18 20 28 29 31 33 37 42 
11
N 2 4 5 10 11 15 20 21 25 26 31 
13
N 1 2 3 5 6 9 19 28 30 32 35 38 44 
12
N 3 4 6 14 21 22 23 26 29 33 38 44 
11
N 1 2 4 5 9 14 19 29 33 34 39 
11
N 8 11 21 23 28 32 34 38 41 44 45 
12
N 4 15 16 20 21 22 24 26 31 39 45 48 
11
N 4 5 11 15 21 22 26 28 31 46 49 
12
N 1 2 4 11 12 26 30 33 38 40 44 48 
13
N 3 5 9 11 15 27 34 37 40 46 47 50 52 
13
N 5 7 8 10 13 19 22 27 31 33 49 50 51 
12
N 2 3 13 14 15 24 38 40 43 45 46 48 
12
N 5 12 16 18 22 24 25 34 40 43 44 50 
10
N 5 9 12 18 22 31 36 40 49 56 
10
N 1 8 9 10 15 28 36 38 46 53 
11
N 6 12 15 17 18 20 23 25 30 44 53 
12
N 4 5 6 8 22 27 36 45 46 48 53 54 
13
N 1 2 7 24 29 35 44 46 48 49 54 56 57 
13
N 1 4 5 7 9 10 15 16 27 29 32 48 57 
13
N 1 3 15 16 17 18 19 21 22 29 30 46 61 
11
N 6 11 18 21 26 29 37 44 45 47 54 
14
N 1 7 19 20 36 41 42 43 46 51 53 56 60 64 
14
N 18 21 24 33 36 37 41 45 46 54 57 60 61 65 
13
N 2 6 9 10 19 20 32 35 38 50 51 55 63 
12
N 3 7 14 17 26 28 37 38 39 49 50 54 
14
N 3 13 16 21 25 35 38 40 41 44 48 64 65 68 
13
N 1 5 7 14 16 17 20 24 27 31 33 45 58 
14
N 1 10 24 27 34 43 44 52 53 55 59 61 65 66 
15
N 2 5 21 25 29 39 45 48 50 55 56 61 67 69 71 
11
N 2 7 19 27 28 29 31 32 39 47 58 
13
N 10 11 15 16 38 41 44 47 49 50 65 66 72 
11
N 8 13 29 33 38 41 46 54 60 64 67 
12
N 7 9 20 26 30 45 57 60 61 65 66 69 
14
N 3 10 14 15 21 32 37 38 46 55 57 60 74 76 
15
N 4 9 14 19 20 31 33 35 51 55 59 65 67 70 71 
13
N 1 3 11 25 26 32 34 36 40 41 49 51 59 
15
N 2 7 9 14 22 25 28 29 38 49 50 55 58 63 64 
13
N 6 8 10 12 19 20 21 55 58 59 69 76 79 
13
N 14 20 21 22 24 26 43 44 50 52 56 65 74 
14
N 4 26 27 32 38 41 47 53 56 63 66 69 72 79 
15
N 4 10 14 22 25 32 35 38 40 45 54 60 63 64 79 
12
N 2 6 7 12 17 24 36 50 57 58 67 69 
14
N 10 12 28 30 32 35 36 38 46 52 54 60 79 81 
14
N 2 3 7 12 25 28 31 35 36 38 39 42 43 56 
14
N 4 6 12 14 18 19 31 38 42 56 66 72 76 85 
14
N 2 9 10 12 13 14 26 31 37 51 65 72 77 88 
14
N 11 14 27 28 40 42 58 69 73 75 77 80 82 85 
14
N 1 5 16 17 30 39 43 45 56 59 60 69 70 79 
15
N 14 16 20 32 35 40 53 56 59 61 65 72 77 82 88 
13
N 2 7 8 10 11 18 19 29 30 37 38 84 91 
15
N 3 6 7 23 24 39 43 44 48 58 62 67 68 81 90 
15
N 5 12 18 30 35 42 44 46 57 58 64 67 84 85 88 
14
N 6 7 10 15 19 26 32 34 44 48 58 59 85 87 
12
N 3 4 9 14 29 38 40 58 72 80 89 96 
13
N 8 17 20 25 32 33 37 41 64 66 68 73 89 
14
N 9 24 26 39 40 41 46 58 60 66 75 78 88 89 
13
N 2 13 14 24 26 27 34 36 43 52 62 71 87 
13
N 4 5 7 8 16 24 43 48 60 67 76 82 95 
15
N 2 11 16 24 28 31 38 46 47 63 68 75 78 83 85 
14
N 10 11 12 22 31 36 42 54 56 69 71 77 78 84 
13
N 5 12 16 32 44 50 54 64 76 93 94 95 99 
16
N 1 4 11 25 28 35 36 46 52 53 61 67 88 89 93 100 
16
N 1 5 24 36 37 45 53 59 66 71 72 76 80 87 93 102 
16
N 2 4 7 17 31 35 36 47 50 55 61 69 77 82 87 97 
13
N 8 9 30 45 49 59 63 91 97 98 102 103 107 
14
N 8 10 19 35 38 43 56 67 68 74 80 88 96 98 
11
N 1 12 15 32 36 56 67 71 73 87 96 
14
N 3 5 28 40 51 52 55 68 73 81 82 85 93 103 
16
N 4 17 20 45 52 53 59 61 63 68 79 92 99 100 101 102 
14
N 2 9 11 34 37 57 69 71 74 79 82 91 107 109 
14
N 8 15 19 20 23 27 29 55 57 71 72 97 100 109 
14
N 5 23 37 57 73 77 80 81 87 89 106 110 113 114 
13
N 18 19 33 41 42 45 64 68 73 80 83 88 105 
13
N 4 5 9 10 17 43 47 52 60 63 105 108 115 
14
N 3 20 50 54 64 73 75 78 87 93 95 96 105 112 
16
N 6 10 13 18 23 36 42 51 54 59 60 62 79 94 105 116 
16
N 20 23 35 44 45 54 56 60 62 86 88 90 100 101 116 117 
16
N 10 30 36 46 47 57 58 59 66 69 82 90 92 97 116 117 
16
N 6 10 16 26 42 46 54 55 56 57 66 69 73 85 106 112 
15
N 1 11 20 25 29 32 33 38 59 62 70 79 98 105 107 
15
N 5 10 11 21 36 38 43 49 67 74 78 83 92 93 95 
13
N 10 12 24 35 39 49 53 63 76 77 80 82 104 
17
N 7 10 11 23 26 48 51 55 74 75 86 98 102 103 111 117 121 
15
N 3 11 16 24 47 61 68 72 80 82 87 106 113 121 126 
15
N 4 19 27 31 37 44 47 50 59 72 74 78 79 99 113 
15
N 2 4 19 33 44 54 55 72 79 92 94 105 106 114 117 
15
N 3 11 23 26 31 35 43 58 59 63 69 71 95 105 122 
16
N 9 17 20 28 36 49 58 59 66 68 78 83 99 104 108 123 
15
N 7 13 20 25 33 38 63 67 70 88 89 101 116 125 131 
14
N 6 10 21 36 42 45 60 68 71 81 94 103 114 120 
16
N 4 22 25 39 42 49 54 88 92 98 101 116 118 120 121 125 
15
N 10 35 42 46 51 53 58 63 67 71 74 86 101 105 111 
13
N 3 13 22 24 25 31 33 39 60 76 100 102 135 
16
N 14 19 21 22 23 25 27 48 51 52 69 84 87 91 100 123 
13
N 15 21 30 42 62 81 82 98 99 106 114 120 125 
16
N 7 16 18 31 38 40 48 52 57 69 84 97 103 104 132 134 
14
N 3 19 20 24 27 48 53 59 97 98 107 114 124 128 
15
N 3 15 23 24 25 33 42 48 64 68 72 74 76 105 125 
16
N 1 4 7 9 22 23 34 49 54 60 61 95 109 117 129 138 
17
N 17 19 37 44 48 55 64 66 74 75 98 99 100 113 121 138 142 
15
N 6 11 18 25 36 37 38 46 55 67 88 98 101 121 127 
14
N 8 22 28 38 44 45 52 68 71 77 88 107 127 143 
14
N 19 20 35 42 51 52 76 78 84 89 96 99 112 132 
15
N 5 14 17 22 51 57 59 61 69 73 82 83 101 122 145 
17
N 1 6 14 22 25 40 45 51 55 74 103 105 116 119 120 127 129 
14
N 2 9 12 37 57 59 73 91 102 115 119 136 145 146 
17
N 17 23 27 28 30 50 58 72 89 93 105 106 108 119 128 133 143 
16
N 3 7 14 21 22 23 50 55 56 64 81 85 101 127 131 143 
15
N 3 11 20 41 59 68 94 95 104 105 106 107 120 147 148 
13
N 13 34 40 41 46 52 58 59 112 117 132 138 142 
14
N 8 25 30 51 56 65 90 97 99 112 121 127 130 139 
17
N 6 7 18 20 30 35 41 45 71 82 94 95 114 115 140 145 154 
19
N 1 2 3 5 14 33 44 61 63 90 105 114 117 118 127 129 131 136 148 
17
N 22 30 36 39 55 65 67 79 83 108 111 112 124 128 129 147 151 
15
N 15 16 34 42 43 56 85 95 100 113 120 122 131 136 144 
15
N 8 23 25 58 64 66 68 69 84 87 98 109 126 144 147 
14
N 2 3 4 21 24 27 35 36 41 69 75 91 104 105 
17
N 23 35 38 44 48 53 55 72 74 84 86 92 94 102 117 132 152 
15
N 4 6 10 37 45 47 50 70 90 114 117 129 135 151 156 
16
N 2 16 20 27 41 50 57 62 63 91 102 126 130 136 147 158 
15
N 1 7 9 10 12 16 22 43 67 80 83 88 111 129 132 
18
N 12 20 29 39 47 51 60 65 75 110 112 115 117 142 143 146 152 155 
17
N 1 2 6 44 49 73 74 84 86 112 118 119 124 137 149 151 165 
15
N 14 16 24 32 35 39 50 68 76 78 95 130 143 149 158 
16
N 2 8 15 25 26 32 34 37 59 67 89 134 151 155 158 166 
17
N 7 10 12 53 62 68 69 74 81 92 98 99 104 124 156 164 165 
17
N 1 9 11 18 35 36 51 53 56 61 71 128 138 147 152 163 168 
15
N 5 14 15 33 35 40 57 59 71 82 94 100 101 132 139 
16
N 1 17 18 27 28 48 56 74 90 91 103 122 132 154 163 166 
19
N 1 19 27 39 65 74 76 80 86 90 96 98 103 109 131 139 166 168 172 
17
N 15 17 20 33 38 41 43 53 55 58 60 63 100 115 148 153 162 
17
N 13 14 15 36 39 56 58 60 74 81 106 111 120 124 136 141 142 
16
N 3 8 15 20 32 36 54 56 67 83 87 104 109 125 157 161 
15
N 1 31 37 54 63 66 68 69 96 109 123 135 140 149 168 
14
N 17 23 41 47 49 51 72 75 81 105 115 127 129 156 
15
N 10 13 14 16 27 40 48 67 71 77 79 129 138 150 155 
16
N 7 8 19 56 62 67 84 94 97 101 110 117 149 157 159 162 
15
N 10 19 23 24 34 36 39 42 49 87 109 125 127 137 160 
18
N 5 30 32 54 73 82 83 88 90 98 100 103 127 135 140 157 166 174 
17
N 16 18 23 24 35 38 49 70 83 86 105 106 140 144 163 166 179 
18
N 18 44 45 48 50 72 75 76 82 87 92 105 120 129 132 133 141 163 
19
N 11 14 15 31 43 47 52 69 78 79 81 89 92 94 100 101 154 170 181 
15
N 40 43 46 72 78 91 116 130 136 138 155 158 169 174 175 
16
N 29 53 61 81 83 93 114 115 122 131 149 154 168 170 181 182 
16
N 6 11 26 27 29 31 43 56 72 75 101 104 107 146 163 179 
16
N 1 15 24 26 39 40 42 90 99 110 111 119 126 133 167 168 
16
N 1 15 18 29 34 46 49 66 71 72 92 95 100 105 121 188 
17
N 2 3 20 32 68 71 75 76 93 94 138 146 176 177 178 179 189 
17
N 9 15 18 22 32 38 44 65 79 86 91 95 98 132 144 183 187 
15
N 14 16 30 78 81 87 99 101 103 108 112 116 138 144 156 
16
N 2 32 49 54 73 81 88 89 106 122 126 138 146 154 191 192 
17
N 3 25 39 79 91 96 111 120 136 143 149 150 151 175 177 181 194 
16
N 9 24 27 50 64 75 79 82 119 139 150 159 174 175 177 186 
18
N 40 44 48 54 67 75 92 94 99 103 105 124 133 146 162 187 190 191 
16
N 38 49 51 52 59 65 72 78 86 91 102 112 114 144 149 182 
17
N 34 39 51 58 79 100 102 104 115 148 149 153 162 175 186 190 195 
17
N 7 16 19 23 31 32 41 54 68 125 136 146 148 157 162 178 197 
16
N 2 13 31 34 46 49 61 72 75 97 106 126 135 172 189 199 
