206204
316801
47392
184128
354337
22654
149254
244971
44164
207899
63969
13071
11276
303293
47151
367054
27665
557614
110719
23777
527136
94889
118342
233345
28794
39655
203175
417632
323805
402465
24289
624663
550653
107785
175487
380444
172639
205921
107897
9250
119033
432097
142504
61804
85396
43930
659826
194349
194229
417505
174976
214305
405122
55889
588729
191081
493040
285381
96946
9376
947781
368101
52904
79441
134016
321650
113923
573248
7816
130066
368010
61256
731367
189725
119728
124389
33745
577648
931273
570617
290654
1477
118284
59966
792524
3248
200168
340751
121345
360743
93520
215992
121893
456503
625810
24361
624433
250696
208300
36600
256215
133777
13894
18909
329317
456157
22492
202077
64102
291150
182928
257377
17990
44076
290802
513570
290222
532336
399933
63368
653650
300921
3221
436608
434281
74853
442515
125241
60497
25838
118700
404940
399024
199233
145377
594592
223345
316124
258280
57267
570411
54287
345744
305554
594500
500859
488349
6329
460467
332368
150791
579621
50993
103407
148994
414064
438517
76085
113764
454025
860933
194785
45171
70779
47520
175617
375928
144602
283886
27968
97690
13360
400474
119391
219632
101888
440738
20879
149293
507148
6081
20150
171868
49317
50300
21767
455176
79486
406953
36378
193829
92038
240693
240480
152321
169068
429591
77158
471161
147280
133314
33245
368641
779
151058
374752
814871
497397
361407
756709
115910
17064
4592
176041
52233
202139
2237
245944
23453
273601
127843
251269
99775
140315
66338
694540
348300
471208
696356
533505
213012
226390
366675
19970
310425
447854
261388
303600
15530
644419
328355
28792
305758
228837
185401
96035
336075
325416
314657
57006
254465
67297
40452
21364
124502
138319
728531
70217
15455
9615
84148
22096
39166
438356
435464
41
325242
58627
116393
9001
159416
254460
138609
264546
46179
224719
153401
192446
369282
893112
206016
576033
66752
161175
199317
203520
352931
49678
84936
94081
58033
58672
58543
617936
289766
622914
228158
348754
162979
27824
186516
705251
434938
107327
720873
37837
216744
239086
76365
79715
402295
93361
375865
54853
1262
126925
630969
27468
62766
27784
99292
167872
527373
25077
118447
432945
227278
30889
594276
68
821655
419075
111329
218721
142416
375131
333499
832
445884
324272
130377
152928
120371
143688
209001
168946
141425
287739
129118
199914
376564
171200
25449
6433
163727
661104
409081
151170
113633
8855
209370
463451
240510
11582
343529
527867
133802
6468
279671
561140
574656
222572
179011
921585
27206
518261
205955
172216
66756
287812
561610
450683
62745
730788
126049
446400
10367
125803
92147
969424
450764
150720
223682
439219
84873
723770
187448
855516
54396
108832
188433
238
53338
136724
53866
415517
88283
716608
560415
27684
808960
22412
252146
24251
2690
4023
382701
590485
637362
138753
7960
34112
34859
96513
623713
84809
781158
99810
646372
12441
279966
328417
416872
427192
155018
234739
614925
175088
78444
74637
14034
676
682137
254426
66135
510386
402208
339777
431354
217305
59070
92284
53864
277488
12361
45226
8992
145307
316979
19944
77965
115768
148292
279103
1258
265936
722346
193453
257824
563860
263898
27680
119706
24031
182021
193037
323198
595215
437458
96448
1
297171
112416
92241
108112
21032
2736
232105
232952
251990
321073
70324
204423
215601
18810
708317
94258
111672
86017
470232
400532
122368
233587
24073
277152
847899
198619
16965
167238
428076
179740
211755
227574
28841
332545
10717
32833
433161
191396
46897
39232
16643
118862
280465
156991
83290
122954
539919
483164
37633
2375
903225
378075
829580
70461
287781
112976
70443
438972
82168
80291
293086
387743
84026
538375
492663
95839
66006
670807
81
184931
263541
1
236874
564596
344993
726652
175680
27247
195101
89110
241493
16798
332544
123952
132948
700352
323264
314046
42801
253449
7056
91197
142332
234108
90366
51760
195706
307799
311745
155543
15414
610435
335045
52025
678893
60670
26763
208439
157892
95095
914575
92872
411489
37425
53929
681504
501225
149129
109655
5902
348319
322401
165267
10751
417851
35080
16744
244181
569308
10566
75352
86968
157712
116521
988174
200821
532960
28106
274553
186094
63287
151361
203680
30577
148825
411624
130469
178633
250216
48681
201652
405994
134981
406413
512517
600743
277377
130994
341139
277081
207181
247171
77176
389092
385492
300316
80509
204900
278305
92352
601251
377595
501933
110278
443610
112967
233036
6057
10879
71882
823860
315513
37249
252132
31976
648727
481009
72099
2912
131168
231085
18647
196876
251460
208146
6077
33936
731862
53601
360109
349727
132544
35133
483445
32396
325380
374558
54175
70720
43447
4204
2645
64168
774765
217178
634476
130177
624888
400146
492365
9812
93120
53039
213493
957005
413969
52249
283761
65967
674721
533694
142535
406809
106251
94608
350442
87156
522240
488787
250028
18376
22233
83095
120682
73886
2654
65917
111131
400455
100050
22100
427772
8481
102037
24107
73721
163521
77884
58807
529320
126789
20168
205416
258020
421624
3875
43551
60874
112104
439859
370124
286095
62274
194901
59073
327547
358043
254469
370000
168056
118107
238031
84605
172981
151089
402634
13881
280488
293390
1
181117
273056
18190
38147
14563
537021
165720
142906
359596
197022
20299
588541
230605
42944
28946
21975
748116
9344
34048
283747
21382
60256
132778
68488
207811
608577
57600
592217
14760
344811
152968
520029
31405
599242
816
156661
32102
484
188947
28401
88552
652645
6976
678835
123361
23420
109146
131826
201493
112717
188487
318154
148929
231468
373689
81621
112583
311131
333886
359952
575694
54280
18300
337898
199837
94882
210124
259493
26538
339463
15902
28499
62565
252816
461446
56964
58924
349730
338145
125440
70741
24565
483775
51769
208494
44234
204075
157324
728915
43986
42201
104752
224440
793849
123861
10580
158411
146493
19500
287665
142088
251423
29089
76779
60252
116974
85384
895447
871705
538127
290532
90295
80476
846370
672085
801389
177120
4541
529728
406521
50284
24579
302822
1794
448209
126293
187961
300231
48560
80891
831658
44848
860427
3071
31161
383226
127501
349284
25936
11416
459897
190576
9194
79768
116478
1024
64489
132368
16575
186995
705444
389986
143519
225198
11816
354074
381451
377608
711254
188560
2241
75619
12519
165113
8464
628849
164038
91990
451029
101068
81991
98689
410143
80072
7644
92664
111499
118497
84468
98705
447148
12148
339420
222113
123280
52766
438705
225897
478947
33776
155285
212153
764301
36596
498552
258288
399631
970552
542907
573814
310396
214132
360771
25744
460713
93988
288739
229139
6990
281457
801729
61098
51423
411060
660885
98057
140838
314079
303341
458016
10491
23711
32595
458199
80652
337248
213785
328212
666036
