274445
228069
7517
214761
302225
202057
222699
232980
256344
350572
275854
214245
837979
37747
7937
571218
16736
258956
468321
147776
69588
550484
264931
72915
24771
226635
320865
264962
329528
235884
83570
105535
354649
74613
145987
194309
713556
295799
248015
57606
32229
446488
21553
3706
7708
530922
110495
12329
683250
48566
698018
106471
704577
69189
429815
38398
478319
264451
69908
63361
203589
26615
328908
298481
22474
99153
89083
75255
453219
93492
184943
353049
592098
151633
10742
462881
74107
2331
20852
7493
254769
99254
307412
98
397570
620936
360049
84907
8147
271890
27110
270408
146032
372881
141993
22640
49230
152799
9731
47844
114843
320345
114917
217241
767314
77435
166360
404928
359268
91860
372936
753759
497692
390437
422970
46622
70843
932542
139969
378065
19353
266101
925525
76539
194459
39003
87057
182546
304771
134806
138158
108828
33631
277907
131670
174360
179946
637466
394278
26977
90348
118658
158730
501161
122235
274531
49462
36610
461558
515677
179632
41522
88115
675152
89550
390726
31188
478188
383887
9007
171575
500026
108150
196217
285256
306744
26675
92415
63907
20721
218721
466676
9224
221824
434258
587566
55345
21720
96191
5594
66979
241643
312529
859364
423064
46650
449442
144984
656224
193899
239086
92808
42022
255378
668332
188001
214462
160113
665235
309993
107031
65369
321011
599544
303610
513440
63293
446733
664944
235348
46755
251162
80517
865556
644216
5068
187268
349383
667186
101102
208883
47698
337802
68978
88796
106047
79605
53509
138135
202469
8011
239360
43065
640252
648312
206856
471665
227449
203057
132165
64480
626858
117
794312
75484
104715
396738
243978
84254
341250
58242
148238
594897
546960
37811
18028
232037
21246
405979
364993
179369
74732
329612
148529
306346
96052
197900
71468
743657
257149
834688
499872
166523
130691
276745
371861
326674
80139
855941
111270
182884
68913
146667
91813
7129
161653
371305
264059
160907
221553
196593
87780
500136
340733
48763
56915
428946
33804
107657
15900
84441
143638
142449
4457
195209
241081
800806
285632
68860
724300
31594
259551
325418
76004
571033
930447
491652
25367
390126
280980
19495
38904
536864
1678
918782
370372
295086
467100
84190
783601
67701
555749
237334
75002
308270
138068
31347
214663
299407
10018
152701
84701
112367
21709
252971
806153
909251
167705
489802
221113
150080
435143
738228
25462
26921
15751
373330
332735
231006
29014
35490
747443
644087
22071
143226
102509
607004
400779
461708
147310
161600
113211
177817
224446
253876
317141
6577
468311
181333
196278
2696
598142
132091
538216
164016
334284
295219
1471
293030
571458
88902
538404
575135
443233
482613
391852
76790
218816
49191
5755
186563
138797
18435
20778
166748
188354
219167
89833
120164
55455
263
43466
54723
697765
499718
340060
152491
516512
450055
65366
334197
43776
4380
705597
332250
57138
76866
156032
62006
162016
25497
491906
6448
95549
49951
404063
237088
137931
72102
85456
63077
141113
27477
131221
259199
294377
12568
117020
128131
82130
275443
226080
267034
17771
65799
757391
49243
586704
87757
608360
254290
59587
21120
303803
230326
26142
94445
156683
48030
312766
138959
483157
255654
132668
92232
1308
170879
679141
185521
761509
47032
134037
770635
161968
406760
98455
419443
105946
106447
287187
29953
56312
254934
265052
97630
87969
34619
90598
322203
45671
299876
185030
206177
418165
217565
90412
558356
234993
26084
253058
706905
411452
293588
178387
65485
23512
189052
253396
901968
217764
334227
3511
243366
208083
518377
139048
604887
42310
278533
222578
130041
175868
554176
232315
159251
512532
52347
425747
426799
162278
37082
348350
339403
353527
298783
1987
844044
495640
49476
395798
28800
205603
680348
6481
369719
43124
16192
131387
585502
390781
41984
278057
66352
492962
11889
180458
548415
38138
12896
348762
440853
301166
4085
43713
146282
9831
42816
110699
103807
152886
2279
219484
221234
186722
415527
502493
341613
56425
126193
642204
185034
273012
341718
49198
98269
144929
32018
194114
104595
425305
40600
12457
573161
662599
370145
117101
227781
22409
643469
13521
393660
290125
424136
148600
240247
137453
300936
213197
471652
372973
2376
121250
202725
212634
737624
68331
90898
113845
450738
45070
246000
5832
3158
274251
13571
791437
228076
154391
273578
322152
104239
30156
275241
289166
7620
42586
129718
122616
578058
126447
166594
16158
1331
37632
278922
2575
536168
538549
13375
282438
87912
283013
3821
153618
508346
646259
185570
83010
2207
535720
133349
50513
215941
82168
842951
451227
779894
252665
11208
213192
126163
198868
432840
107594
406131
666216
69624
207987
254815
242091
384187
610211
626189
183735
488961
86462
471170
4122
232614
155176
791927
99719
97372
300537
372426
4028
664356
316393
79860
171177
142427
118045
88776
52892
96270
325887
115290
375589
193189
34124
61825
396015
296001
175518
127832
80072
512366
122699
659172
226282
39992
29864
134822
25658
436519
11285
137189
470277
170896
138496
2039
134050
167463
212382
197751
546344
566105
896816
263420
193299
238355
315421
346221
313309
350749
437401
3096
295118
2908
34526
208266
165106
2159
551941
218030
278509
73892
14376
102211
70189
454834
171248
9342
220475
224134
306361
514761
661231
55715
133876
594515
455923
460869
265378
44184
252705
3991
371474
93693
54747
49478
366949
590440
519122
248533
55378
131616
233422
820382
154025
270
18660
144340
79943
45689
2503
244114
445845
157726
233449
262683
18806
195758
655029
786163
94900
244115
36431
6406
42633
18480
97016
528474
92127
148911
18713
19578
2248
774371
608707
35993
7717
411255
179830
471416
692654
68678
90078
3707
70643
33956
241780
297363
541913
266460
26069
969744
84898
53158
306431
460203
262847
270368
437818
12195
52235
175879
39859
164429
124721
71370
386671
1879
751
71609
41075
263642
10223
10313
75049
347895
457430
138596
219563
353790
375707
42668
75459
394562
703808
54833
384066
10270
2209
183462
33436
253089
2157
43983
82332
186523
568713
553568
351678
381015
197683
150102
23516
40078
92776
593747
478220
270773
17776
135838
141483
137804
2947
103020
127784
65415
860171
290568
155348
66442
421866
598886
364231
196365
24976
159590
136440
40781
525393
232805
39280
266917
21143
102610
105546
216816
36336
764548
406063
578874
244152
12183
162293
453886
285693
442382
420043
709246
454601
109504
836881
10742
397258
9568
891768
68234
61783
204179
513741
185491
449519
462484
189154
103121
409844
82476
4256
180062
376700
135435
336285
286156
525669
93783
639646
671272
303918
43532
35886
83899
44473
625461
779302
122086
566119
96902
232819
9736
678574
28985
135748
162534
51942
754859
24323
166832
68727
418124
409698
138089
74729
633172
496974
250274
771114
