3
N 3 4 5 
4
N 1 2 4 5 
6
N 1 2 3 4 5 7 
4
N 1 2 4 8 
6
N 1 2 3 4 5 9 
6
N 1 2 4 6 7 8 
6
N 1 3 4 7 9 10 
5
N 1 2 3 4 5 
7
N 1 3 8 9 11 12 13 
6
N 1 3 4 7 11 13 
7
N 1 2 3 7 9 14 15 
6
N 1 4 6 9 12 14 
7
N 1 9 10 11 12 15 16 
9
N 1 2 3 6 9 12 13 14 15 
8
N 1 2 3 4 6 13 15 17 
7
N 1 2 5 16 17 18 20 
8
N 3 4 8 9 13 14 18 19 
8
N 1 2 5 6 11 18 19 22 
9
N 2 3 6 11 17 18 20 22 23 
8
N 2 3 8 12 14 18 19 24 
8
N 2 6 7 10 12 15 23 24 
9
N 1 3 6 7 9 12 15 16 17 
10
N 1 4 5 6 8 10 11 14 21 25 
9
N 1 2 3 4 9 13 21 24 25 
9
N 2 4 10 11 15 18 23 24 28 
10
N 1 2 3 10 12 15 20 26 28 29 
10
N 1 4 5 6 7 9 20 24 26 27 
10
N 3 6 7 9 10 11 12 18 20 30 
11
N 1 3 4 6 9 12 13 21 22 23 27 
10
N 4 5 10 11 13 16 19 20 30 34 
11
N 4 6 11 12 18 22 23 26 27 30 34 
11
N 4 5 6 14 16 17 23 30 31 32 36 
12
N 1 2 3 5 7 8 12 16 18 20 25 29 
11
N 3 6 8 9 14 17 21 22 32 33 36 
11
N 3 4 6 11 13 16 17 20 21 33 36 
11
N 2 4 6 11 12 19 22 31 33 37 39 
11
N 3 10 15 18 19 21 26 29 35 38 40 
12
N 2 6 11 15 16 18 23 26 33 35 38 39 
11
N 1 4 7 15 18 19 28 29 32 33 37 
14
N 1 3 5 10 13 17 23 24 30 31 35 36 40 43 
13
N 1 2 6 11 16 20 21 22 26 32 36 39 42 
12
N 2 7 13 16 18 24 25 28 30 31 44 46 
14
N 1 5 8 10 19 23 25 26 28 30 36 41 42 46 
13
N 8 9 10 11 12 13 18 19 21 23 28 37 45 
12
N 1 8 9 15 27 29 33 34 39 41 44 46 
11
N 1 6 7 9 20 22 26 27 33 36 49 
13
N 1 4 7 15 24 25 28 31 33 37 38 41 51 
13
N 6 12 21 22 24 27 29 32 46 48 49 50 52 
12
N 2 3 4 9 10 11 14 19 30 31 52 53 
12
N 2 12 17 20 22 25 27 28 29 36 40 41 


#### El algoritmo fue interrumpido y no concluyó con todas las instancias del archivo de entrada. 
#### Según los calculos estimados por la cota propuesta en los gráficos presentados en la sección del
#### Ejercicio 2 en el informe, el tiempo necesario para ejecutar todas las instancias es de 116 siglos
#### aproximadamente.
