1
N 1 
1
N 1 
2
N 1 2 
3
N 1 2 4 
3
N 1 2 4 
4
N 1 2 3 5 
5
N 1 3 4 5 7 
6
N 1 2 3 5 6 8 
5
N 1 2 3 4 9 
5
N 1 2 5 6 10 
7
N 1 3 4 6 7 8 10 
7
N 2 3 4 5 6 10 12 
7
N 2 3 5 6 9 11 13 
7
N 1 2 3 4 6 9 11 
8
N 3 4 5 6 7 8 9 10 
10
N 1 2 4 7 8 9 11 12 14 15 
7
N 1 3 4 5 6 8 15 
9
N 1 3 5 8 9 11 14 16 17 
10
N 3 6 9 10 12 13 14 16 17 18 
10
N 1 2 3 5 6 7 8 12 16 18 
9
N 2 3 4 7 11 12 15 16 17 
11
N 1 3 4 7 8 9 10 16 18 19 21 
10
N 1 6 7 8 10 13 14 16 19 22 
9
N 2 6 10 12 15 16 18 22 23 
10
N 1 7 9 12 17 19 20 21 22 24 
11
N 2 3 4 8 12 16 17 19 20 23 25 
11
N 1 2 5 6 10 11 12 13 17 18 23 
11
N 1 2 3 4 6 9 11 19 21 22 27 
11
N 1 3 4 7 8 9 10 13 20 22 23 
12
N 3 4 6 13 14 15 16 18 22 25 26 29 
11
N 1 2 5 6 9 12 16 18 21 22 31 
13
N 2 3 6 14 15 17 18 23 26 27 28 29 30 
12
N 1 2 3 6 7 9 11 15 18 20 21 24 
12
N 1 2 3 5 9 15 16 18 21 27 30 31 
13
N 3 4 5 7 8 13 14 16 18 19 20 23 28 
12
N 2 3 5 8 9 10 12 16 20 28 32 35 
12
N 1 2 4 10 21 26 27 28 29 33 34 35 
12
N 1 7 11 14 16 18 21 22 24 32 33 34 
14
N 2 5 8 11 12 13 17 21 27 29 32 34 36 38 
