1 8
2 17
3 28
4 41
5 56
6 73
7 92
8 113
9 136
10 161
11 188
12 217
13 248
14 281
15 316
16 353
17 392
18 433
19 476
20 521
21 568
22 617
23 668
24 721
25 776
26 833
27 892
28 953
29 1016
30 1081
31 1148
32 1217
33 1288
34 1361
35 1436
36 1513
37 1592
38 1673
39 1756
40 1841
41 1928
42 2017
43 2108
44 2201
45 2296
46 2393
47 2492
48 2593
49 2696
50 2801
51 2908
52 3017
53 3128
54 3241
55 3356
56 3473
57 3592
58 3713
59 3836
60 3961
61 4088
62 4217
63 4348
64 4481
65 4616
66 4753
67 4892
68 5033
69 5176
70 5321
71 5468
72 5617
73 5768
74 5921
75 6076
76 6233
77 6392
78 6553
79 6716
80 6881
81 7048
82 7217
83 7388
84 7561
85 7736
86 7913
87 8092
88 8273
89 8456
90 8641
91 8828
92 9017
93 9208
94 9401
95 9596
96 9793
97 9992
98 10193
99 10396
100 10601
101 10808
102 11017
103 11228
104 11441
105 11656
106 11873
107 12092
108 12313
109 12536
110 12761
111 12988
112 13217
113 13448
114 13681
115 13916
116 14153
117 14392
118 14633
119 14876
120 15121
121 15368
122 15617
123 15868
124 16121
125 16376
126 16633
127 16892
128 17153
129 17416
130 17681
131 17948
132 18217
133 18488
134 18761
135 19036
136 19313
137 19592
138 19873
139 20156
140 20441
141 20728
142 21017
143 21308
144 21601
145 21896
146 22193
147 22492
148 22793
149 23096
150 23401
151 23708
152 24017
153 24328
154 24641
155 24956
156 25273
157 25592
158 25913
159 26236
160 26561
161 26888
162 27217
163 27548
164 27881
165 28216
166 28553
167 28892
168 29233
169 29576
170 29921
171 30268
172 30617
173 30968
174 31321
175 31676
176 32033
177 32392
178 32753
179 33116
180 33481
181 33848
182 34217
183 34588
184 34961
185 35336
186 35713
187 36092
188 36473
189 36856
190 37241
191 37628
192 38017
193 38408
194 38801
195 39196
196 39593
197 39992
198 40393
199 40796
200 41201
201 41608
202 42017
203 42428
204 42841
205 43256
206 43673
207 44092
208 44513
209 44936
210 45361
211 45788
212 46217
213 46648
214 47081
215 47516
216 47953
217 48392
218 48833
219 49276
220 49721
221 50168
222 50617
223 51068
224 51521
225 51976
226 52433
227 52892
228 53353
229 53816
230 54281
231 54748
232 55217
233 55688
234 56161
235 56636
236 57113
237 57592
238 58073
239 58556
240 59041
241 59528
242 60017
243 60508
244 61001
245 61496
246 61993
247 62492
248 62993
249 63496
