1 23
2 49
3 59
4 72
5 83
6 98
7 112
8 129
9 145
10 164
11 184
12 207
13 231
14 258
15 286
16 317
17 349
18 389
19 429
20 471
21 516
22 564
23 615
24 669
25 727
26 788
27 852
28 920
29 993
30 1069
31 1150
32 1235
33 1322
34 1436
35 1534
36 1636
37 1743
38 1855
39 1972
40 2095
41 2223
42 2357
43 2496
44 2640
45 2791
46 2948
47 3184
48 3357
49 3445
50 3537
51 3632
52 3741
53 3842
54 3947
55 4059
56 4173
57 4289
58 4408
59 4532
60 4659
61 4790
62 4925
63 5064
64 5208
65 5355
66 5508
67 5665
68 5826
69 5991
70 6174
71 6348
72 6527
73 6711
74 6899
75 7092
76 7290
77 7493
78 7701
79 7914
80 8132
81 8396
82 8624
83 8857
84 9096
85 9340
86 9589
87 9844
88 10105
89 10372
90 10645
91 11141
92 11448
93 11739
94 12035
95 12350
96 12659
97 12973
98 13294
99 13621
100 13955
101 14295
102 14727
103 15144
104 15594
105 15996
106 16371
107 16751
108 17138
109 17532
110 17993
111 18671
112 19088
113 19510
114 19939
115 20376
116 20820
117 21292
118 21751
119 22230
120 22704
121 23186
122 23676
123 24174
124 24695
125 25209
126 25732
127 26262
128 26801
129 27346
130 27945
131 28524
132 29095
133 29675
134 30263
135 30860
136 31482
137 32106
138 32729
139 33361
140 34002
141 34861
142 35534
143 36202
144 36879
145 37565
146 38298
147 39016
148 39730
149 40487
150 41220
151 41982
152 42744
153 43508
154 44281
155 45085
156 45888
157 46689
158 47500
159 48363
160 49209
161 50051
162 50903
163 51983
164 52870
165 53753
166 54646
167 55566
168 56491
169 57416
170 58353
171 59338
172 60501
173 61582
174 62642
175 63649
176 64652
177 65665
178 66699
179 67736
180 69042
181 70160
182 71231
183 72313
184 73423
185 74538
186 75655
187 76800
188 78162
189 79316
190 80522
191 81715
192 82904
193 84121
194 85344
195 86766
196 88041
197 89291
198 90554
199 91882
200 93170
201 94490
202 96021
203 97350
204 98708
205 100072
206 101437
207 102867
208 104259
209 105684
210 107116
211 108548
212 110018
213 111476
214 112986
215 114679
216 116199
217 117723
218 119317
219 120886
220 122439
221 124252
222 125837
223 127451
224 129072
225 130712
226 132413
227 134300
228 135986
229 137668
230 139391
231 141102
232 143047
233 144789
234 146603
235 148374
236 150185
237 152186
238 154034
239 155940
240 157836
241 159696
242 161807
243 163719
244 165636
245 167597
246 169549
247 171712
248 173695
249 175703
