3
N 1 3 4 
4
N 1 2 4 5 
6
N 1 2 3 4 5 7 
4
N 1 4 5 8 
6
N 1 2 4 5 6 9 
6
N 3 4 5 7 8 9 
6
N 1 4 6 7 9 10 
5
N 1 2 3 4 5 
6
N 2 3 4 6 10 12 
6
N 4 6 7 11 12 13 
7
N 1 2 3 7 9 14 15 
6
N 1 5 6 8 11 13 
7
N 5 9 10 11 15 16 17 
9
N 1 2 3 6 9 12 13 14 15 
8
N 2 3 4 5 6 11 13 18 
7
N 3 5 6 13 17 18 20 
8
N 3 4 9 10 12 13 17 19 
8
N 1 5 6 8 9 11 13 22 
9
N 2 3 6 11 17 18 20 22 23 
7
N 1 3 9 12 14 17 19 
7
N 2 7 9 10 14 19 22 
9
N 1 3 6 9 10 12 15 16 17 
10
N 1 4 5 6 8 10 11 14 21 25 
8
N 9 11 12 14 19 21 25 28 
9
N 2 7 10 13 14 15 19 23 28 
10
N 1 3 9 10 12 15 20 26 28 29 
9
N 3 4 7 15 19 20 24 27 30 
9
N 1 2 3 10 15 18 19 23 27 
10
N 1 3 6 11 12 14 19 22 23 24 
10
N 4 8 11 13 15 16 19 20 30 34 
11
N 7 11 12 13 16 18 19 21 22 27 29 
11
N 4 6 8 13 17 22 23 30 31 32 36 
12
N 1 2 3 5 7 8 12 16 18 20 25 29 
11
N 3 9 14 17 20 22 26 32 33 35 37 
10
N 1 3 5 6 8 11 12 15 20 36 
11
N 9 16 18 22 23 24 25 30 34 38 40 
9
N 1 3 9 13 19 24 31 33 34 
12
N 2 6 15 16 18 23 33 34 35 38 39 42 
11
N 1 7 11 15 18 29 30 32 33 37 40 
14
N 1 3 13 16 19 22 30 31 35 36 38 39 40 43 
12
N 4 11 12 13 20 22 25 29 30 32 38 43 
11
N 3 13 16 17 28 30 31 34 38 39 42 
13
N 8 9 10 11 23 26 28 29 30 37 38 40 46 
13
N 8 9 10 11 12 13 18 19 21 23 28 37 45 
11
N 3 8 16 19 26 31 34 38 39 45 46 
11
N 1 6 12 20 22 23 29 32 37 43 48 
12
N 4 5 8 20 24 29 30 31 32 37 40 41 
11
N 2 12 14 21 22 27 29 42 46 49 50 
11
N 4 5 8 17 18 21 22 25 34 42 50 
12
N 11 12 17 19 20 22 27 29 36 40 41 46 
13
N 2 3 6 8 15 17 19 23 24 30 32 47 51 
15
N 3 4 11 13 17 18 22 25 27 29 37 40 41 55 56 
12
N 1 10 11 14 18 21 37 38 39 43 50 56 
12
N 5 14 16 17 24 36 42 48 49 50 52 57 
11
N 3 4 5 6 11 15 29 36 42 52 59 
13
N 11 13 14 15 17 23 24 25 35 37 38 45 47 
14
N 2 7 11 15 16 20 34 35 38 39 45 54 58 61 
13
N 1 10 16 20 30 34 35 44 55 59 60 61 62 
13
N 1 3 4 6 17 23 24 31 32 36 48 49 63 
14
N 1 2 3 5 9 16 17 27 28 37 39 40 45 48 
14
N 4 10 13 14 18 23 27 30 32 35 44 45 55 65 
14
N 1 7 11 19 20 24 28 39 41 47 48 54 58 61 
13
N 1 6 15 16 25 30 32 40 41 42 44 58 61 
13
N 1 3 5 8 9 38 40 43 46 49 51 55 65 
14
N 2 3 7 20 23 24 42 44 48 52 57 60 62 65 
15
N 6 10 20 23 24 41 45 51 56 59 62 65 66 68 70 
13
N 3 6 7 11 20 28 48 52 53 55 56 64 69 
13
N 2 3 11 19 21 28 29 30 34 39 43 48 66 
13
N 7 9 10 16 18 21 28 32 43 44 46 49 73 
13
N 9 13 14 21 39 49 56 57 58 64 70 72 74 
14
N 3 9 11 13 19 28 29 35 36 52 59 60 72 75 
14
N 12 14 20 23 25 30 38 41 48 52 54 64 68 76 
14
N 13 22 31 36 38 44 45 47 49 51 59 62 64 65 
16
N 7 14 22 24 31 33 41 46 47 49 53 64 68 69 72 78 
13
N 3 10 17 18 35 37 39 42 48 55 56 62 78 
13
N 2 7 8 12 14 20 30 45 54 58 60 65 73 
13
N 4 12 15 24 29 32 40 43 44 67 74 77 81 
14
N 8 12 27 29 30 37 42 43 58 59 69 73 74 81 
14
N 8 10 12 13 18 28 30 33 41 55 60 70 72 81 
16
N 8 15 30 34 42 44 48 50 55 58 60 61 65 68 80 81 
13
N 2 9 14 17 32 39 43 45 52 60 63 70 77 
17
N 2 15 17 19 20 25 27 31 34 35 41 53 62 68 70 85 86 
15
N 5 19 28 33 36 37 39 46 53 58 62 63 66 68 77 
13
N 11 18 21 23 30 37 51 54 75 76 85 87 88 
15
N 4 9 14 23 37 43 44 51 53 58 68 71 75 76 87 
14
N 1 5 20 25 31 37 40 42 51 55 65 70 77 80 
16
N 33 37 39 44 48 51 55 60 63 65 66 68 82 83 85 89 
14
N 4 5 8 15 17 18 26 38 43 52 59 63 73 82 
15
N 6 10 15 18 35 38 41 53 56 67 71 77 79 87 93 
15
N 3 7 17 21 33 46 50 52 58 69 73 74 81 82 88 
14
N 1 16 24 32 44 50 51 52 54 64 70 71 76 87 
14
N 21 25 31 32 37 39 42 53 56 61 75 76 83 90 
15
N 5 19 25 47 54 57 58 64 74 75 79 84 88 95 96 
16
N 2 5 8 11 15 27 30 38 44 53 60 62 66 77 78 97 
15
N 2 4 9 14 17 18 30 34 40 47 58 61 64 79 87 
15
N 3 14 17 20 25 27 31 38 39 43 55 62 68 71 100 
