2
N 1 5 
3
N 2 3 4 
3
N 1 4 5 
4
N 1 5 6 7 
4
N 1 2 7 9 
6
N 3 4 6 7 9 10 
5
N 1 4 6 8 11 
4
N 2 3 5 7 
5
N 2 4 10 11 12 
5
N 1 3 9 11 14 
5
N 3 6 9 10 14 
4
N 2 3 7 9 
5
N 7 9 10 12 14 
5
N 1 3 7 10 11 
7
N 1 3 9 13 16 17 19 
6
N 2 3 12 14 17 18 
7
N 2 5 8 10 12 13 18 
6
N 5 7 9 13 15 17 
6
N 1 3 4 13 18 21 
6
N 1 9 13 16 19 20 
5
N 2 9 10 14 15 
6
N 5 7 8 13 21 22 
7
N 5 12 19 20 24 25 26 
7
N 1 2 12 14 16 19 26 
6
N 1 7 14 15 23 28 
6
N 3 12 13 15 19 20 
8
N 8 13 16 19 23 24 25 28 
7
N 2 13 18 22 24 27 32 
8
N 1 9 10 17 22 23 24 31 
8
N 1 2 7 9 12 15 20 21 
7
N 1 2 12 13 23 28 33 
7
N 8 17 21 23 26 27 36 
7
N 3 4 7 17 18 25 26 
7
N 3 17 19 23 24 27 30 
7
N 2 7 13 18 20 32 35 
6
N 3 4 16 20 29 36 
7
N 7 9 11 15 16 27 41 
8
N 2 6 7 8 10 12 23 42 
7
N 2 5 13 17 20 24 36 
8
N 1 5 13 21 28 30 32 42 
6
N 6 8 9 11 19 44 
7
N 12 16 17 25 29 41 45 
8
N 4 20 23 24 25 36 37 46 
9
N 5 7 8 20 22 24 25 28 33 
10
N 5 7 10 12 14 19 22 37 40 48 
8
N 7 11 16 23 33 37 41 45 
8
N 6 7 16 20 26 35 46 48 
8
N 3 19 22 28 32 40 48 50 
9
N 14 18 22 24 25 28 32 42 49 
8
N 6 9 13 21 22 44 46 48 
8
N 2 6 24 25 26 41 44 52 
9
N 1 2 5 9 16 21 31 37 45 
9
N 4 6 9 17 19 36 38 41 53 
9
N 1 3 6 17 21 29 33 44 50 
8
N 9 20 22 26 27 34 40 53 
8
N 6 15 20 23 26 27 34 53 
10
N 3 9 24 30 31 32 34 36 45 46 
9
N 4 7 8 30 39 40 43 60 61 
7
N 7 9 11 16 27 36 55 
9
N 3 15 23 25 35 42 43 49 54 
9
N 7 12 17 20 26 38 40 49 59 
8
N 4 11 12 18 19 30 43 57 
9
N 7 13 18 21 34 35 44 57 61 
8
N 2 4 17 23 26 30 56 63 
8
N 15 45 51 54 56 57 64 68 
9
N 4 5 8 11 30 31 48 49 66 
9
N 3 10 26 30 33 52 63 67 68 
8
N 9 23 26 29 30 32 49 59 
10
N 2 10 12 17 21 22 32 38 40 63 
9
N 9 17 23 25 34 37 40 45 69 
9
N 8 12 25 28 60 61 65 72 75 
10
N 5 7 18 23 24 39 43 58 68 74 
9
N 7 8 22 54 56 67 70 74 77 
7
N 8 10 17 27 30 51 76 
9
N 1 2 4 16 18 44 67 70 74 
9
N 13 14 20 21 49 50 57 71 74 
8
N 1 15 24 28 31 35 40 60 
9
N 1 14 17 26 46 57 59 64 76 
9
N 20 28 35 49 52 55 59 61 65 
10
N 7 28 37 43 44 57 60 76 78 79 
9
N 16 21 30 36 38 39 40 42 71 
9
N 2 9 19 27 35 48 59 79 85 
10
N 12 17 20 27 49 53 56 60 66 69 
9
N 12 14 15 35 37 38 44 70 75 
10
N 7 11 22 25 34 35 39 48 74 75 
10
N 1 14 19 22 31 59 61 73 81 88 
9
N 15 22 48 58 59 67 69 84 87 
9
N 1 17 19 24 32 37 38 56 81 
8
N 1 2 26 33 39 45 62 77 
11
N 1 7 11 21 26 35 37 39 46 61 83 
9
N 10 17 30 33 42 56 61 71 72 
9
N 1 27 42 43 47 59 72 73 82 
9
N 16 32 33 55 65 71 84 92 97 
10
N 12 17 20 23 25 27 37 59 74 83 
11
N 6 13 16 19 23 33 41 69 81 83 89 
9
N 15 29 32 36 39 63 68 83 91 
