477	0.009
1284	0.005
2865	0.002
2907	0.003
3254	0.002
3665	0.002
3897	0.002
4501	0.003
5151	0.003
5641	0.003
8056	0.001
10047	0.002
11507	0.002
13298	0.002
13328	0.002
14526	0.002
14959	0.002
15141	0.002
15401	0.002
18011	0.002
18574	0.002
18899	0.002
20916	0.002
22054	0.002
22717	0.002
22900	0.002
23386	0.002
23634	0.002
24750	0.002
26467	0.002
27129	0.002
27726	0.002
27956	0.002
28234	0.002
28324	0.002
31037	0.002
32537	0.002
33744	0.002
34633	0.003
34908	0.002
38152	0.002
38249	0.002
40422	0.002
40581	0.001
41750	0.002
42436	0.002
42630	0.002
44146	0.002
44726	0.002
45020	0.003
46556	0.002
47693	0.002
48457	0.002
48709	0.002
49373	0.002
52130	0.002
53498	0.002
53886	0.002
56717	0.002
56730	0.001
56809	0.002
58190	0.002
58906	0.002
59356	0.002
61000	0.002
61971	0.002
63230	0.002
64663	0.002
65666	0.002
66767	0.002
66918	0.002
67721	0.002
67951	0.002
68013	0.002
69981	0.002
70055	0.002
70853	0.003
76806	0.001
77010	0.002
78169	0.002
82144	0.002
84329	0.002
87272	0.001
88166	0.002
88538	0.002
89625	0.002
89776	0.002
89974	0.001
90484	0.002
90777	0.002
92125	0.002
92249	0.002
93634	0.002
94160	0.002
94620	0.002
95092	0.002
95163	0.002
96330	0.001
96570	0.001
96709	0.002
97305	0.002
97960	0.002
98088	0.002
98826	0.002
99132	0.002
99693	0.002
100157	0.002
103057	0.002
103543	0.002
103986	0.002
106105	0.002
106424	0.002
106856	0.002
107927	0.002
108580	0.002
109491	0.002
109959	0.004
111058	0.002
114304	0.002
117266	0.002
117648	0.002
118428	0.002
119575	0.002
120238	0.002
122385	0.002
123044	0.002
123395	0.002
123555	0.002
124401	0.002
126411	0.002
126823	0.002
126998	0.002
128099	0.002
129390	0.002
129561	0.001
132842	0.002
133532	0.002
135211	0.002
135452	0.002
135571	0.002
136068	0.002
136678	0.002
137512	0.001
139608	0.002
139851	0.003
140192	0.002
140448	0.002
140461	0.002
140924	0.002
142485	0.002
142946	0.002
143031	0.001
144148	0.002
146178	0.002
146223	0.002
147884	0.001
149819	0.002
150470	0.002
153293	0.002
155298	0.002
159132	0.002
159168	0.002
160138	0.001
161065	0.002
162067	0.002
162435	0.002
162945	0.002
165128	0.002
165226	0.002
166459	0.002
169594	0.002
172993	0.002
173197	0.002
174728	0.002
174835	0.002
174848	0.002
176295	0.002
177501	0.001
179314	0.002
179452	0.002
179798	0.002
180095	0.002
180343	0.002
182126	0.002
183040	0.001
183112	0.002
183414	0.002
183501	0.002
183723	0.002
184090	0.002
184458	0.002
184875	0.002
185582	0.002
186124	0.002
186245	0.002
186699	0.002
186723	0.002
188631	0.002
189350	0.002
189434	0.002
190469	0.002
191434	0.002
191913	0.002
191929	0.002
193688	0.002
193977	0.002
194782	0.002
194856	0.002
196632	0.001
199844	0.002
200046	0.002
201738	0.002
201865	0.002
202862	0.002
203667	0.002
203991	0.002
206868	0.002
207342	0.002
208536	0.002
209034	0.002
209271	0.002
209499	0.002
209645	0.002
210469	0.002
211187	0.001
211858	0.002
212505	0.002
215870	0.002
216811	0.002
218979	0.002
220062	0.002
221377	0.002
221531	0.002
222198	0.002
222730	0.002
222932	0.002
225100	0.002
225234	0.002
226460	0.001
226893	0.002
227735	0.002
229004	0.002
229059	0.002
229541	0.002
231374	0.002
233149	0.001
233291	0.002
234674	0.002
235908	0.002
236610	0.001
237363	0.002
237853	0.002
239420	0.002
239473	0.002
239533	0.002
239599	0.002
240221	0.002
243538	0.002
243633	0.002
244066	0.002
244318	0.002
244754	0.002
244891	0.002
246419	0.002
246694	0.002
246969	0.003
252057	0.002
252692	0.002
253221	0.002
253503	0.002
253723	0.002
254053	0.002
255526	0.002
259890	0.002
260210	0.002
260231	0.002
262196	0.002
262668	0.002
264073	0.002
264402	0.002
264526	0.002
265322	0.002
266955	0.002
269545	0.002
270338	0.002
270740	0.002
271095	0.002
271409	0.002
271574	0.002
271726	0.002
272687	0.001
273303	0.001
275579	0.002
276013	0.002
276318	0.002
280015	0.002
282428	0.002
282901	0.002
288643	0.001
289094	0.002
289464	0.002
289468	0.002
290064	0.002
290846	0.002
291192	0.002
295006	0.002
296393	0.001
296706	0.002
297264	0.002
298162	0.002
298685	0.002
299349	0.002
300866	0.001
301365	0.002
302926	0.002
304121	0.002
304363	0.002
305174	0.002
305238	0.002
305241	0.001
305700	0.002
305838	0.002
305861	0.002
307201	0.002
307228	0.002
308316	0.002
308708	0.001
313581	0.002
314036	0.002
316411	0.002
316423	0.002
316986	0.002
317281	0.002
317400	0.002
319049	0.002
322944	0.002
326501	0.002
327139	0.002
328112	0.002
329142	0.002
329239	0.002
329746	0.002
330607	0.002
331346	0.002
331683	0.002
333258	0.002
333699	0.002
335411	0.002
337277	0.002
338972	0.002
339095	0.002
341141	0.002
343141	0.002
344205	0.002
345284	0.002
346137	0.001
346223	0.002
346654	0.002
347944	0.002
348082	0.002
349427	0.002
352326	0.002
352851	0.002
354628	0.002
356887	0.001
357184	0.002
357450	0.002
357496	0.002
357990	0.002
358761	0.002
360262	0.001
360797	0.002
363472	0.002
363825	0.002
364429	0.002
367193	0.002
367381	0.002
370181	0.002
370399	0.002
370713	0.002
371343	0.002
374747	0.002
374957	0.001
375075	0.002
375615	0.001
376127	0.002
377236	0.001
379633	0.002
380298	0.001
380712	0.002
380806	0.001
381788	0.002
382489	0.001
383662	0.002
383803	0.002
384156	0.001
384392	0.002
385503	0.002
386294	0.002
388299	0.002
388714	0.002
388852	0.002
390211	0.002
392925	0.002
393044	0.002
393745	0.002
394896	0.002
396481	0.002
398259	0.002
398384	0.002
398564	0.002
399465	0.002
399537	0.002
400144	0.002
400768	0.002
401993	0.002
402926	0.002
406767	0.002
407045	0.001
408094	0.002
409521	0.002
411590	0.001
412872	0.002
414781	0.002
415965	0.002
416336	0.002
420558	0.002
420694	0.002
420929	0.002
421174	0.002
421918	0.002
422356	0.002
422471	0.001
422850	0.002
423499	0.002
424081	0.002
424969	0.002
425333	0.002
425823	0.002
425967	0.002
426379	0.002
428822	0.002
429075	0.002
429741	0.002
429788	0.002
429971	0.002
430043	0.002
430237	0.002
432225	0.002
436107	0.002
436365	0.002
436417	0.002
436482	0.002
436835	0.002
436933	0.002
437479	0.002
438025	0.002
439793	0.002
441387	0.002
442121	0.002
444197	0.001
444452	0.002
445394	0.002
446441	0.002
447452	0.002
447458	0.002
447639	0.002
449684	0.002
450289	0.002
450591	0.002
451360	0.002
452317	0.002
452688	0.002
453348	0.002
453870	0.002
454805	0.002
455922	0.002
457861	0.002
458524	0.002
459000	0.002
459365	0.002
459382	0.002
462593	0.002
465002	0.001
466706	0.002
471585	0.002
472068	0.002
472151	0.002
473002	0.002
473067	0.002
473787	0.002
474160	0.002
474272	0.002
474614	0.002
475312	0.001
475661	0.002
475707	0.002
476148	0.002
476231	0.002
476510	0.002
477736	0.002
477745	0.002
480053	0.002
481347	0.002
482315	0.002
483745	0.001
486258	0.002
486552	0.002
488271	0.002
488584	0.002
489298	0.002
490031	0.002
490400	0.001
496049	0.002
496385	0.002
497257	0.002
497543	0.002
498174	0.002
500799	0.001
502870	0.002
503175	0.002
504039	0.002
505618	0.001
506756	0.002
507117	0.002
510222	0.002
511057	0.002
511434	0.003
511572	0.002
511682	0.002
511892	0.002
512159	0.002
512824	0.002
513941	0.002
514398	0.001
515334	0.002
515421	0.002
515796	0.002
517834	0.002
519759	0.002
519810	0.002
524485	0.002
524738	0.002
524971	0.001
527117	0.002
527644	0.002
527814	0.003
528181	0.002
528244	0.002
528577	0.002
528896	0.002
529313	0.002
531183	0.002
531257	0.002
534054	0.002
535093	0.002
535512	0.002
536621	0.002
538480	0.002
539930	0.002
540300	0.002
541887	0.002
544709	0.002
545230	0.001
545332	0.002
545582	0.002
545787	0.002
547018	0.002
547524	0.002
548647	0.002
550510	0.002
551387	0.001
551683	0.002
552102	0.002
554978	0.002
555507	0.002
556334	0.002
556975	0.001
557095	0.002
557397	0.002
557569	0.001
557936	0.002
559827	0.002
560575	0.002
561128	0.002
561981	0.002
562712	0.002
562818	0.002
566269	0.001
566488	0.002
566783	0.002
567036	0.002
568815	0.002
569856	0.002
570233	0.002
571240	0.001
571857	0.002
572755	0.002
572854	0.002
574983	0.002
575238	0.002
575312	0.002
575970	0.002
576167	0.002
576680	0.002
577697	0.002
578036	0.002
578301	0.002
578828	0.002
579658	0.002
585319	0.002
585738	0.002
587447	0.002
588487	0.002
588636	0.002
588888	0.002
588936	0.002
588973	0.002
589833	0.001
592123	0.002
593107	0.002
593559	0.002
594889	0.002
598562	0.001
599071	0.002
601079	0.002
602580	0.002
604336	0.002
604447	0.002
606627	0.002
608900	0.002
609506	0.002
609861	0.002
609868	0.002
610897	0.002
610987	0.002
612320	0.001
614351	0.001
615390	0.002
615748	0.002
619295	0.002
621214	0.002
624951	0.002
625172	0.002
626676	0.002
626912	0.002
628741	0.001
629101	0.002
629182	0.002
629360	0.001
629495	0.002
630530	0.001
630704	0.002
631813	0.002
632673	0.002
633942	0.002
635750	0.001
635900	0.002
637691	0.002
639423	0.002
639479	0.002
640119	0.002
645135	0.002
647635	0.002
648590	0.002
648610	0.001
649320	0.002
649599	0.002
649634	0.002
650802	0.002
650985	0.002
651819	0.001
652247	0.002
654434	0.002
654676	0.002
655295	0.002
656498	0.002
657843	0.002
658020	0.002
659736	0.002
662458	0.002
662785	0.002
665320	0.002
666637	0.002
668248	0.002
668671	0.002
669381	0.002
671801	0.002
672729	0.002
675232	0.002
675298	0.002
676020	0.001
678744	0.002
679618	0.002
683351	0.002
683549	0.002
683621	0.002
683687	0.002
684773	0.002
686485	0.002
686921	0.001
687391	0.002
688360	0.002
691146	0.002
694454	0.002
695942	0.002
697400	0.001
700951	0.002
701884	0.002
703010	0.002
704867	0.002
706599	0.002
707596	0.002
708194	0.002
708972	0.002
711130	0.002
712955	0.002
713139	0.002
713956	0.002
716460	0.002
716984	0.002
718043	0.002
719034	0.002
719736	0.002
722445	0.001
723071	0.002
723779	0.002
726304	0.002
727584	0.002
727931	0.002
728115	0.002
729105	0.002
729313	0.002
729864	0.002
731197	0.002
734195	0.002
734919	0.002
735780	0.002
736248	0.002
736464	0.002
738641	0.002
739422	0.002
739541	0.002
742710	0.002
744211	0.002
744565	0.002
744707	0.002
745039	0.002
748068	0.002
749308	0.002
749545	0.001
751570	0.002
752027	0.002
754094	0.002
754210	0.002
755057	0.002
756511	0.002
759364	0.002
759596	0.002
760520	0.001
761446	0.002
762134	0.002
762784	0.002
763452	0.002
763510	0.002
763555	0.001
764759	0.002
764930	0.002
764939	0.002
765919	0.002
768337	0.002
770051	0.002
770163	0.002
771035	0.002
771105	0.002
774293	0.002
774784	0.002
775392	0.002
776707	0.001
778800	0.002
780556	0.002
780571	0.002
780898	0.002
781400	0.002
784057	0.002
786970	0.002
787643	0.002
788864	0.002
790079	0.002
790528	0.002
791475	0.001
791666	0.002
791901	0.002
792108	0.002
792166	0.002
792797	0.001
793862	0.002
794068	0.002
795504	0.002
796039	0.001
796725	0.002
796987	0.002
797505	0.001
798647	0.002
799838	0.002
801241	0.002
802629	0.002
802796	0.002
802896	0.002
803967	0.002
804280	0.002
804846	0.002
807215	0.002
808714	0.002
809924	0.002
813095	0.002
813226	0.002
813314	0.003
815811	0.002
815855	0.002
816118	0.002
816128	0.002
816541	0.001
820807	0.001
821695	0.002
821774	0.002
821803	0.002
822230	0.002
822760	0.002
822901	0.002
823992	0.002
824521	0.002
826456	0.002
826918	0.002
827475	0.002
827491	0.002
827712	0.002
828155	0.002
828871	0.002
829532	0.002
831080	0.002
831850	0.002
834815	0.001
835025	0.002
835578	0.002
839396	0.002
842750	0.002
842800	0.002
844763	0.002
844962	0.002
845042	0.002
845754	0.002
845808	0.002
846918	0.002
851941	0.001
852746	0.002
854172	0.002
854812	0.002
856041	0.002
857419	0.002
859475	0.002
860329	0.002
860991	0.002
861835	0.002
862523	0.002
862738	0.002
862870	0.002
866133	0.002
866769	0.002
867749	0.002
869375	0.002
871265	0.002
871424	0.003
873167	0.001
873830	0.002
873855	0.002
874713	0.002
875798	0.002
876560	0.002
878666	0.002
878931	0.002
879327	0.002
881239	0.002
882035	0.002
883172	0.002
883579	0.002
884954	0.002
885080	0.002
885447	0.002
886447	0.002
886530	0.002
888191	0.002
888879	0.002
889331	0.002
889896	0.002
890017	0.002
890073	0.002
891779	0.002
891967	0.002
894500	0.002
894967	0.002
897409	0.002
898911	0.002
901203	0.002
901601	0.002
902411	0.002
902524	0.002
902881	0.002
903886	0.002
904742	0.002
904824	0.002
906818	0.002
906865	0.002
907240	0.002
907616	0.001
907822	0.002
909664	0.002
909877	0.002
910303	0.002
913993	0.002
915588	0.002
915598	0.002
918037	0.002
924636	0.002
926008	0.002
928025	0.002
929006	0.002
932040	0.002
932649	0.001
932790	0.002
932881	0.002
933678	0.002
934896	0.002
935382	0.002
935537	0.002
936005	0.002
938487	0.002
940289	0.002
941244	0.001
941962	0.002
942608	0.002
943462	0.002
946379	0.002
947972	0.002
949381	0.002
950007	0.002
951105	0.002
951203	0.002
952313	0.002
953454	0.002
954074	0.002
954110	0.002
955678	0.002
955809	0.002
956099	0.002
956826	0.002
957187	0.002
957236	0.002
957371	0.002
958789	0.002
959002	0.002
960312	0.002
960652	0.002
960699	0.002
961300	0.002
963499	0.002
964236	0.002
964647	0.001
964715	0.002
965636	0.002
965704	0.002
966088	0.001
966402	0.002
966626	0.002
968527	0.002
970374	0.002
971068	0.002
971514	0.002
971991	0.002
973588	0.002
974489	0.002
975239	0.002
975770	0.002
978431	0.002
980326	0.002
984366	0.002
985100	0.002
985566	0.002
986132	0.001
986765	0.002
987147	0.002
989221	0.002
990835	0.001
992895	0.002
993684	0.002
995484	0.002
996228	0.002
996287	0.002
999299	0.002
999577	0.002
