4
N 1 2 3 4 
5
N 1 2 3 4 6 
6
N 1 2 3 4 5 6 
5
N 1 4 6 7 8 
6
N 1 2 3 6 7 8 
6
N 2 3 4 5 8 9 
8
N 2 3 4 5 7 9 10 11 
6
N 1 3 4 7 9 10 
6
N 1 2 3 4 5 6 
8
N 1 3 4 5 6 7 9 12 
8
N 1 2 3 6 7 8 12 14 
9
N 1 2 3 4 5 7 8 10 12 
8
N 7 8 10 11 12 13 14 16 
10
N 2 4 7 8 9 11 12 13 14 15 
10
N 3 4 5 9 10 11 12 14 16 19 
10
N 1 2 3 6 8 9 10 15 16 20 
9
N 2 4 6 7 9 14 15 16 19 
10
N 2 7 9 10 11 12 13 14 17 19 
10
N 1 2 5 6 7 9 10 11 15 20 
13
N 1 2 4 7 8 9 10 11 13 14 17 18 21 
11
N 1 2 4 6 7 8 10 13 14 17 22 
12
N 1 3 4 5 6 7 12 15 21 23 24 26 
12
N 1 2 3 6 10 13 14 15 17 21 23 24 
11
N 2 4 5 6 8 12 16 17 18 27 28 
13
N 3 5 6 8 9 11 13 14 18 20 21 25 29 
13
N 2 3 5 8 13 16 17 21 23 24 25 28 29 
13
N 1 2 4 5 9 11 12 16 21 25 27 29 31 
12
N 2 5 9 13 14 17 21 23 25 26 28 30 
14
N 1 2 3 4 5 7 10 11 15 17 18 23 26 31 
12
N 2 10 15 16 17 19 20 21 22 24 29 31 
15
N 1 2 6 9 10 12 13 16 18 22 27 28 31 32 34 
15
N 1 2 7 9 10 11 12 13 18 19 20 22 31 32 34 
13
N 5 8 9 10 12 18 19 20 25 27 29 33 37 
13
N 1 5 6 10 12 13 15 20 21 24 33 36 38 
15
N 3 5 8 10 12 14 15 17 19 22 23 27 30 34 39 
13
N 3 5 12 13 16 17 21 29 31 34 35 36 39 
14
N 1 2 3 5 6 11 18 20 23 31 32 34 35 37 
14
N 1 2 5 7 11 22 24 25 26 29 33 35 36 38 
14
N 1 6 7 9 11 15 16 17 19 22 33 34 38 42 
15
N 1 3 5 6 9 11 13 16 18 20 24 29 37 38 39 
17
N 2 7 10 11 15 16 17 18 20 22 26 28 36 37 39 41 44 
17
N 3 6 8 9 13 14 17 19 27 28 30 32 34 36 37 42 43 
16
N 17 22 24 25 26 31 32 33 35 38 39 41 42 45 46 47 
16
N 1 7 11 15 19 23 24 26 27 28 29 42 43 44 46 48 
16
N 2 4 6 8 10 13 15 18 21 22 29 30 36 41 45 46 
14
N 6 8 9 12 23 24 28 30 31 32 34 36 41 44 
17
N 1 3 4 7 9 11 12 13 19 21 25 27 30 33 34 38 41 
17
N 2 13 21 22 25 26 31 32 33 34 40 41 45 46 48 49 52 
18
N 2 3 6 8 12 17 21 23 25 27 28 30 31 33 35 40 48 50 
18
N 5 8 10 18 23 24 27 33 34 36 37 38 42 43 45 46 51 52 
16
N 2 9 20 21 22 23 28 31 33 36 38 39 45 50 52 53 
16
N 1 6 8 17 18 19 22 27 29 41 43 44 47 50 53 54 
18
N 3 4 6 7 8 11 12 15 18 22 24 27 29 31 32 37 47 56 
17
N 6 9 10 14 16 21 23 25 29 30 32 35 36 44 49 51 57 
15
N 2 5 6 11 17 22 23 24 25 26 29 38 48 55 59 
16
N 8 11 12 15 19 26 28 29 32 40 43 45 48 51 53 58 
18
N 6 9 11 14 15 17 18 19 20 31 33 34 37 39 42 43 52 54 
18
N 2 4 8 16 17 18 21 22 23 28 29 30 32 44 49 57 61 62 
16
N 6 7 10 12 16 18 19 21 24 33 38 40 45 47 48 53 
18
N 4 6 7 8 13 15 21 24 25 33 34 36 45 50 54 55 60 62 
19
N 3 10 15 18 23 25 33 34 46 47 48 50 52 53 57 61 62 64 65 
17
N 3 6 11 18 22 23 24 26 27 29 30 33 34 41 42 44 45 
18
N 3 8 16 18 20 26 30 34 38 42 45 47 53 57 58 60 63 64 
18
N 4 6 9 13 16 21 22 32 35 44 46 48 49 54 57 60 63 66 
19
N 3 5 7 11 13 15 17 20 23 25 37 39 43 52 61 62 63 67 68 
18
N 7 9 10 11 16 19 24 26 31 36 47 49 52 57 58 60 64 67 
17
N 3 6 12 16 25 26 27 31 32 36 41 43 46 48 55 56 65 
19
N 7 8 11 14 20 21 30 34 35 37 38 39 41 49 50 52 66 67 68 
19
N 5 7 9 11 16 21 27 32 36 40 41 42 51 56 58 62 67 69 71 
19
N 1 2 3 12 16 17 23 25 26 27 29 31 33 41 45 46 62 65 69 
17
N 12 14 15 19 23 25 27 36 39 43 45 48 54 56 60 74 75 
18
N 3 4 17 18 22 27 31 35 40 46 47 48 56 66 67 69 75 76 
19
N 3 7 11 12 21 27 30 32 34 36 43 44 47 48 49 54 57 58 65 
18
N 2 10 12 19 25 27 28 32 33 38 42 44 45 57 58 68 73 74 
20
N 3 4 6 10 11 13 17 19 21 22 30 31 40 48 53 63 66 69 77 78 
20
N 6 14 16 22 24 33 41 43 44 46 47 48 50 55 62 63 67 71 72 78 
19
N 4 16 19 27 30 31 32 34 37 43 44 47 53 56 64 68 71 72 74 
19
N 1 4 5 12 14 20 21 25 30 33 39 40 43 54 55 62 76 78 82 
22
N 2 16 23 25 29 30 32 35 37 38 48 51 52 53 57 58 60 66 67 68 77 81 
22
N 1 2 3 5 6 7 21 22 24 28 32 42 43 44 46 53 62 67 78 79 82 84 
19
N 1 10 13 18 20 21 22 28 31 36 39 45 47 50 54 55 66 69 80 
19
N 3 11 16 19 21 25 28 29 35 40 42 43 45 47 55 63 68 72 75 
19
N 8 10 14 18 24 26 31 33 34 40 43 53 54 56 75 76 80 81 84 
21
N 2 3 7 15 17 31 33 41 44 45 46 50 53 58 66 67 72 73 79 86 88 
19
N 10 13 15 18 28 35 41 43 46 55 56 59 63 66 70 74 76 82 84 
21
N 2 8 19 33 39 40 45 49 51 54 66 69 73 75 76 79 82 83 86 89 90 
20
N 14 16 20 26 27 28 33 42 50 53 56 58 61 63 66 67 76 88 89 90 
20
N 3 11 12 17 18 24 26 36 39 46 53 54 56 61 72 74 76 86 89 92 
20
N 3 13 19 27 28 38 47 53 56 65 70 75 82 83 85 86 87 89 90 91 
22
N 2 14 24 29 34 38 41 44 45 49 58 60 61 65 72 76 78 80 84 86 90 94 
21
N 1 3 7 10 12 25 29 31 38 42 45 46 57 65 71 75 76 79 88 89 95 
20
N 8 9 23 28 32 40 42 45 46 48 56 57 59 62 63 65 66 75 79 81 
24
N 16 18 20 23 27 35 36 39 44 45 46 47 54 57 63 64 66 67 74 80 82 86 88 89 
21
N 4 9 13 14 19 26 27 28 30 46 50 53 56 57 61 62 72 80 84 88 95 
20
N 1 14 15 17 21 23 25 27 28 35 41 43 51 55 62 65 73 88 93 96 
21
N 2 10 18 19 28 30 32 35 36 38 40 42 49 50 54 55 69 71 72 75 83 
