1
N 1 
1
N 1 
2
N 1 2 
2
N 1 3 
3
N 1 3 4 
2
N 1 2 
3
N 2 3 6 
3
N 1 3 7 
3
N 4 6 8 
3
N 1 3 7 
4
N 1 2 6 9 
4
N 4 6 7 8 
5
N 2 3 5 10 12 
4
N 2 3 4 7 
5
N 2 4 11 13 15 
4
N 1 6 7 9 
5
N 2 5 8 13 17 
5
N 1 5 8 11 18 
6
N 1 5 6 7 9 14 
5
N 2 6 14 15 16 
5
N 2 6 7 15 19 
5
N 1 6 15 20 22 
5
N 2 8 10 15 18 
5
N 9 16 17 22 24 
5
N 1 5 6 12 14 
5
N 4 9 14 15 26 
6
N 4 9 18 19 24 25 
6
N 3 12 14 17 23 27 
6
N 2 3 4 6 12 19 
6
N 4 12 15 21 27 29 
7
N 3 7 11 12 14 17 18 
5
N 6 10 15 21 27 
6
N 2 5 8 12 30 32 
6
N 3 5 7 8 27 28 
7
N 2 9 14 15 22 25 29 
6
N 9 10 14 23 24 35 
6
N 2 18 31 34 35 36 
6
N 5 22 24 25 35 37 
6
N 4 9 10 11 32 38 
6
N 12 17 19 21 27 35 
6
N 5 6 25 29 36 37 
6
N 3 5 21 26 27 33 
7
N 1 3 4 11 16 26 29 
6
N 10 12 15 26 34 40 
6
N 6 7 11 13 30 32 
6
N 10 13 19 21 23 46 
6
N 2 13 24 33 44 46 
6
N 1 3 9 25 31 39 
6
N 9 10 16 20 37 38 
7
N 10 15 18 25 38 41 49 
7
N 3 9 23 31 35 40 47 
6
N 5 11 13 20 22 29 
6
N 10 15 36 37 39 47 
7
N 10 26 28 29 33 34 38 
7
N 3 6 12 35 42 44 49 
7
N 12 23 26 27 32 33 34 
6
N 1 9 17 26 41 43 
7
N 7 11 12 13 16 17 31 
6
N 5 6 26 35 42 54 
7
N 1 17 26 30 36 41 49 
7
N 1 11 30 34 36 39 48 
7
N 3 8 10 37 45 51 62 
6
N 3 23 24 33 56 57 
7
N 2 5 13 17 20 51 63 
7
N 10 13 24 29 39 44 48 
7
N 32 36 39 44 45 50 52 
7
N 9 15 17 34 39 58 62 
8
N 10 13 23 26 42 46 53 66 
7
N 8 27 34 46 51 52 57 
7
N 4 20 27 30 45 68 69 
7
N 14 21 29 46 54 57 64 
7
N 3 7 16 19 35 44 55 
7
N 3 10 15 19 40 64 73 
8
N 9 12 15 16 26 39 58 73 
8
N 2 4 16 28 41 42 49 75 
7
N 7 12 21 24 25 28 45 
8
N 15 27 28 31 43 60 62 77 
8
N 5 10 21 41 57 58 62 76 
9
N 6 10 23 51 56 61 63 68 72 
7
N 2 4 15 50 53 74 75 
7
N 2 30 36 42 43 69 75 
8
N 1 9 28 50 57 69 76 78 
8
N 4 9 13 15 33 58 63 74 
8
N 7 11 15 49 55 57 75 80 
8
N 8 20 40 51 63 68 70 79 
7
N 9 10 32 53 66 68 76 
7
N 2 14 22 25 62 67 76 
8
N 3 6 18 37 56 78 79 84 
9
N 9 23 25 26 33 34 38 70 72 
8
N 16 19 22 29 40 45 55 58 
8
N 13 21 60 61 63 68 71 83 
8
N 1 13 28 35 37 45 52 55 
7
N 7 11 24 25 42 47 74 
8
N 22 27 71 82 83 85 88 91 
9
N 2 9 23 35 63 68 83 86 89 
7
N 1 11 17 20 23 41 87 
8
N 17 38 55 66 68 74 81 87 
8
N 23 39 55 62 77 88 89 95 
7
N 37 47 50 64 80 85 92 
