3
N 1 3 4 
4
N 1 2 4 5 
6
N 1 2 3 4 5 7 
4
N 1 4 5 8 
6
N 1 2 4 5 6 9 
6
N 3 4 5 7 8 9 
6
N 1 4 6 7 9 10 
5
N 1 2 3 4 5 
7
N 3 4 6 8 11 12 13 
6
N 4 6 7 11 12 13 
7
N 1 2 3 7 9 14 15 
6
N 1 5 6 8 11 13 
7
N 5 9 10 11 15 16 17 
9
N 1 2 3 6 9 12 13 14 15 
8
N 2 3 4 5 6 11 13 18 
7
N 3 5 6 13 17 18 20 
8
N 3 4 9 10 12 13 17 19 
8
N 1 5 6 8 9 11 13 22 
9
N 2 3 6 14 17 18 20 22 23 
8
N 2 3 8 12 14 18 19 24 
8
N 2 6 7 10 14 15 23 24 
9
N 1 3 6 9 10 12 15 16 17 
10
N 1 4 5 6 8 10 11 14 21 25 
8
N 9 11 12 14 19 21 25 28 
9
N 2 7 10 13 14 15 19 23 28 
10
N 1 3 9 10 12 15 20 26 28 29 
10
N 1 4 5 7 9 20 24 25 26 27 
9
N 1 2 3 10 15 18 19 23 27 
11
N 1 3 6 11 12 13 21 22 23 24 27 
10
N 4 8 11 13 15 16 19 20 30 34 
11
N 7 11 12 13 16 18 19 21 22 27 29 
10
N 4 6 8 13 17 23 25 31 32 36 
12
N 1 2 3 5 7 8 12 16 18 20 25 29 
11
N 3 9 14 17 20 22 26 32 33 35 37 
11
N 3 4 6 11 13 16 20 21 30 33 35 
11
N 9 16 18 22 23 24 25 30 34 38 40 
11
N 3 10 15 18 19 21 26 29 35 38 40 
12
N 5 6 11 13 16 21 23 28 33 35 38 42 
11
N 1 7 11 15 18 29 30 32 33 37 40 
14
N 1 3 13 16 19 22 30 31 35 36 38 39 40 43 
12
N 4 11 12 13 20 22 25 29 30 32 38 43 
11
N 2 7 13 16 18 20 24 25 28 30 46 
13
N 4 6 8 10 11 12 20 23 26 29 37 38 46 
13
N 8 9 10 11 12 13 18 19 21 23 28 37 45 
12
N 3 6 8 12 16 33 34 38 41 44 45 46 
11
N 13 20 25 27 30 34 35 44 46 49 50 
13
N 4 5 8 9 15 17 19 25 30 31 37 40 47 
12
N 12 21 27 29 37 38 42 46 48 49 50 52 
12
N 2 3 4 9 10 11 14 21 26 31 52 53 
12
N 11 12 17 19 20 22 27 29 36 40 41 46 
13
N 2 3 6 8 15 17 19 23 24 30 32 47 51 
15
N 3 4 11 13 17 18 22 25 27 29 37 40 41 55 56 
12
N 1 10 11 14 18 21 37 38 39 43 50 56 
12
N 14 15 16 17 20 24 35 48 49 50 52 57 
12
N 15 22 24 29 35 36 37 40 41 46 52 59 
13
N 11 13 14 15 17 23 24 25 35 37 38 45 47 
14
N 3 11 16 19 20 34 35 38 39 45 54 58 60 61 
14
N 1 10 12 15 20 27 30 35 44 55 58 60 61 62 
14
N 1 4 9 18 23 32 43 46 48 49 54 59 62 63 
14
N 1 2 3 5 9 16 17 27 28 37 39 40 45 48 
14
N 4 10 11 13 14 28 30 32 35 44 45 52 55 65 
14
N 6 9 11 13 18 23 26 30 42 46 47 56 57 62 
13
N 2 6 30 36 41 43 44 48 51 53 55 66 67 
14
N 9 21 29 38 42 43 45 50 51 53 65 66 67 68 
13
N 2 5 7 16 19 22 36 47 52 57 58 60 65 
15
N 1 4 15 20 22 23 27 41 43 45 51 56 59 62 68 
12
N 3 4 9 29 31 37 48 52 55 56 66 71 
15
N 3 19 25 28 29 30 38 39 42 43 48 57 58 59 66 
13
N 7 9 10 16 18 21 28 32 43 44 46 49 73 
14
N 9 13 26 27 36 43 47 57 64 66 67 70 73 74 
14
N 8 9 10 11 13 19 28 29 35 36 49 60 72 75 
14
N 1 4 8 14 25 29 38 41 43 48 57 60 67 68 
14
N 2 5 6 8 9 33 38 44 45 50 53 56 59 63 
16
N 7 14 22 24 31 33 41 46 47 49 53 64 68 69 72 78 
14
N 10 18 19 25 27 33 35 37 41 51 53 69 73 74 
14
N 2 5 7 12 17 34 35 41 45 48 58 59 73 77 
15
N 4 12 13 30 32 37 53 54 57 61 65 69 70 74 81 
15
N 14 17 18 24 40 41 43 48 50 54 58 64 77 81 82 
14
N 8 10 12 13 18 28 30 33 41 55 60 70 72 81 
16
N 1 8 10 18 27 28 38 50 51 56 57 60 61 64 68 75 
15
N 2 21 28 39 45 48 54 57 59 63 70 73 74 77 83 
17
N 2 15 17 19 20 25 27 31 34 35 41 53 62 68 70 85 86 
15
N 5 19 28 33 36 37 39 46 53 58 62 63 66 68 77 
15
N 11 23 36 40 42 43 48 50 52 54 57 59 62 69 74 
15
N 4 9 14 23 37 43 44 51 53 58 68 71 75 76 87 
15
N 5 9 20 25 31 37 40 42 44 55 56 65 69 79 80 
16
N 15 26 32 33 40 41 44 48 51 52 55 56 65 66 85 89 
15
N 4 17 18 25 26 40 45 47 49 56 61 62 68 73 81 
15
N 14 27 31 37 38 39 43 49 51 68 70 84 85 90 91 
15
N 3 17 33 47 50 52 57 58 64 69 73 78 81 82 88 
15
N 6 9 17 31 51 52 56 64 66 70 71 87 89 92 94 
15
N 4 6 7 8 25 33 34 49 60 62 63 71 74 75 87 
15
N 16 23 25 27 29 31 33 45 53 57 58 66 77 95 96 
15
N 2 5 8 15 30 38 41 44 53 60 62 66 77 78 97 
15
N 2 15 24 28 37 40 44 48 66 78 79 80 87 95 97 
15
N 3 14 17 20 25 27 31 38 39 43 55 62 68 71 100 
