3
N 1 2 3 
3
N 1 2 6 
3
N 2 3 4 
6
N 1 2 3 5 6 7 
6
N 1 3 4 5 6 7 
6
N 1 3 5 7 9 10 
6
N 1 2 5 8 9 11 
6
N 2 4 5 6 8 9 
7
N 2 5 6 7 8 9 10 
6
N 1 2 3 4 5 13 
7
N 2 4 6 10 11 13 15 
7
N 1 4 6 7 9 13 14 
8
N 1 2 3 6 12 13 15 16 
8
N 2 4 5 6 12 15 16 17 
9
N 1 3 5 7 8 9 11 14 19 
9
N 1 4 5 7 9 11 13 16 19 
9
N 1 2 7 14 17 18 19 20 21 
8
N 3 5 6 9 10 11 13 16 
9
N 1 3 4 7 8 9 12 18 19 
9
N 4 5 6 8 11 13 17 18 20 
9
N 2 4 6 7 12 13 15 16 17 
9
N 3 4 9 10 13 15 17 19 23 
9
N 2 3 6 7 9 10 11 15 17 
9
N 3 7 12 13 14 15 17 18 26 
10
N 1 2 4 9 13 15 21 23 24 28 
9
N 2 4 13 14 15 18 22 25 26 
10
N 3 6 11 15 17 20 23 25 28 29 
10
N 2 3 5 6 7 10 13 21 28 32 
11
N 1 2 3 7 15 16 19 22 24 27 30 
11
N 3 8 15 16 19 21 23 24 26 29 30 
9
N 2 3 6 7 14 16 17 27 35 
10
N 2 5 6 7 11 13 19 22 29 35 
11
N 1 6 8 9 10 11 12 16 18 20 35 
10
N 1 2 10 12 18 19 29 30 33 37 
11
N 12 15 16 17 22 25 33 35 37 38 39 
12
N 7 9 16 18 20 28 30 31 32 33 36 40 
11
N 2 3 10 17 18 19 22 29 36 39 41 
11
N 2 3 7 8 17 20 26 27 29 30 42 
12
N 2 3 8 14 18 20 28 29 31 33 37 42 
11
N 2 4 5 10 11 15 20 21 25 26 31 
14
N 2 3 5 6 7 11 13 26 28 30 32 33 37 39 
12
N 3 4 6 14 21 22 23 26 29 33 38 44 
13
N 1 4 5 19 21 22 23 24 29 33 34 38 39 
13
N 8 11 21 22 26 28 30 32 34 38 41 44 45 
12
N 4 15 16 20 21 22 24 26 31 39 45 48 
12
N 4 5 8 11 13 21 22 24 26 28 31 49 
13
N 1 2 4 10 11 12 26 28 30 33 38 40 48 
13
N 3 5 9 11 15 27 34 37 40 46 47 50 52 
13
N 5 7 8 10 13 19 22 27 31 33 49 50 51 
12
N 2 3 13 14 15 24 38 40 43 45 46 48 
12
N 5 12 16 18 22 24 25 34 40 43 44 50 
12
N 3 5 20 22 25 27 30 31 36 45 49 56 
12
N 1 8 10 14 22 32 34 36 38 45 47 53 
12
N 7 15 16 19 24 25 30 32 46 52 56 57 
12
N 4 5 6 8 22 27 36 45 46 48 53 54 
14
N 2 9 14 16 23 26 31 38 43 44 46 48 57 60 
15
N 3 4 7 10 16 17 25 29 31 32 39 43 49 57 60 
14
N 3 11 12 16 18 34 35 37 44 46 47 49 51 60 
12
N 11 16 18 21 24 26 29 37 44 46 47 56 
14
N 1 7 19 20 36 41 42 43 46 51 53 56 60 64 
14
N 18 21 24 33 36 37 41 45 46 54 57 60 61 65 
15
N 2 3 5 6 9 10 20 31 32 35 37 38 54 55 63 
13
N 1 5 14 16 26 37 38 39 46 50 51 57 64 
14
N 3 13 16 21 25 35 38 40 41 44 48 64 65 68 
14
N 5 7 14 16 17 20 27 33 42 44 45 56 58 67 
15
N 4 10 24 27 34 43 44 46 52 53 55 59 61 65 66 
15
N 2 5 21 25 29 39 45 48 50 55 56 61 67 69 71 
14
N 2 5 10 12 15 25 27 28 31 34 38 44 50 60 
14
N 4 21 33 36 37 38 44 47 50 52 61 66 67 72 
13
N 2 8 13 28 29 38 46 53 54 58 59 64 72 
14
N 7 14 20 26 27 30 33 40 49 53 57 60 69 70 
15
N 3 10 14 21 29 32 37 38 46 49 55 57 60 74 76 
15
N 4 9 14 19 20 31 33 35 51 55 59 65 67 70 71 
15
N 1 6 23 26 29 32 35 40 41 42 49 57 59 67 75 
15
N 2 7 9 14 22 25 28 29 38 49 50 55 58 63 64 
15
N 2 6 7 8 10 15 19 20 21 23 36 46 52 76 79 
16
N 5 15 20 21 22 25 26 32 49 50 52 53 58 59 65 66 
15
N 4 17 32 34 38 41 47 48 53 56 63 69 72 75 79 
15
N 4 10 14 22 25 32 35 38 40 45 54 60 63 64 79 
15
N 2 4 6 9 12 34 35 50 52 57 67 69 77 81 83 
17
N 12 20 21 34 35 36 38 45 46 50 52 58 62 72 79 81 84 
15
N 2 3 7 12 14 15 19 31 35 36 45 48 59 75 84 
16
N 6 14 17 27 40 41 42 60 62 66 69 76 78 79 85 87 
16
N 2 7 9 12 14 26 29 31 34 49 64 65 67 70 77 88 
16
N 11 14 22 28 30 33 42 52 56 58 68 73 75 77 80 85 
16
N 1 4 5 20 21 25 35 39 41 44 50 53 60 70 79 80 
16
N 14 21 24 29 30 32 40 57 59 61 65 77 80 82 88 89 
15
N 2 7 8 18 29 30 35 37 41 47 57 84 87 91 92 
15
N 3 6 7 23 24 39 43 44 48 58 62 67 68 81 90 
16
N 9 20 21 26 35 46 57 63 64 67 68 69 80 85 89 90 
14
N 6 7 10 15 19 26 32 34 44 48 58 59 85 87 
16
N 1 3 5 6 8 14 18 22 25 34 45 48 58 81 83 84 
16
N 4 8 10 17 21 25 28 29 32 33 37 57 58 64 66 76 
17
N 3 9 15 26 27 39 40 41 46 53 58 59 60 75 85 89 98 
15
N 14 15 24 26 34 36 43 53 62 64 79 92 93 97 99 
15
N 2 5 9 21 23 35 44 47 48 52 63 74 75 92 100 
15
N 2 11 16 24 28 31 38 46 47 63 68 75 78 83 85 
15
N 3 9 17 20 23 27 30 39 69 71 85 87 90 100 102 
15
N 14 22 23 37 45 54 55 63 64 75 76 83 88 93 99 
18
N 1 16 27 28 35 36 42 48 67 77 82 86 88 89 90 93 97 100 
16
N 1 5 24 36 37 45 53 59 66 71 72 76 80 87 93 102 
18
N 2 4 5 17 28 31 35 36 47 50 56 59 69 77 80 81 82 97 
17
N 4 7 8 33 41 61 73 76 90 91 94 97 98 102 103 105 107 
17
N 8 15 19 35 37 38 43 56 67 68 76 77 80 86 90 94 98 
15
N 2 9 18 26 27 31 38 49 64 76 80 90 92 95 98 
16
N 3 24 28 32 47 48 53 68 73 74 76 81 82 85 99 100 
16
N 4 17 20 45 52 53 59 61 63 68 79 92 99 100 101 102 
15
N 9 11 22 23 30 41 53 55 57 65 71 86 92 97 109 
16
N 5 8 15 19 20 23 29 33 55 61 71 72 90 97 107 109 
15
N 7 9 27 28 41 43 56 62 70 72 79 85 90 93 95 
16
N 6 28 36 47 49 50 54 62 74 87 90 93 99 100 111 115 
16
N 4 5 9 17 43 47 60 63 64 71 76 81 86 95 105 115 
16
N 2 12 29 37 43 62 64 68 75 82 86 87 93 109 114 117 
16
N 6 10 13 18 23 36 42 51 54 59 60 62 79 94 105 116 
16
N 20 23 35 44 45 54 56 60 62 86 88 90 100 101 116 117 
18
N 10 29 36 46 47 57 58 59 65 66 69 90 93 97 105 116 117 120 
18
N 10 13 16 26 27 42 46 48 49 56 57 69 80 81 85 92 114 121 
16
N 6 23 29 49 79 80 86 93 98 99 105 107 114 115 119 121 
16
N 21 38 43 49 58 67 74 78 83 92 93 95 103 106 119 120 
16
N 7 12 39 46 48 49 52 63 67 70 73 74 76 77 114 121 
18
N 7 10 11 17 23 26 48 55 70 74 75 86 98 102 107 111 117 121 
17
N 7 11 14 21 24 40 43 47 56 72 87 90 98 106 113 121 126 
18
N 9 25 32 33 64 67 74 76 83 86 87 88 93 99 102 109 111 124 
17
N 1 2 8 19 20 27 31 33 36 44 50 59 72 82 105 120 125 
17
N 4 21 42 54 56 57 61 62 74 77 78 81 101 107 111 117 124 
17
N 19 25 28 36 37 39 42 49 65 66 68 78 80 81 88 108 123 
16
N 8 26 33 50 55 61 67 70 89 93 96 101 116 118 124 128 
16
N 3 10 24 30 50 55 68 81 88 90 93 94 114 118 130 131 
17
N 4 9 25 39 42 43 45 49 78 88 92 98 101 118 120 125 127 
17
N 4 26 27 42 50 51 53 58 61 71 74 83 88 101 105 113 128 
17
N 3 6 12 13 22 31 39 43 49 51 60 78 82 100 113 128 135 
17
N 1 23 27 35 37 48 57 66 91 94 97 98 99 100 110 114 135 
16
N 22 30 31 33 49 54 60 78 98 99 103 108 120 125 127 132 
17
N 7 18 31 38 39 40 48 52 57 69 83 84 89 103 104 111 112 
17
N 15 21 28 51 52 75 79 90 91 93 107 113 116 120 125 133 136 
18
N 8 11 15 24 25 33 34 42 43 48 54 64 68 76 89 105 114 124 
17
N 7 8 9 10 11 22 28 29 34 49 50 58 60 84 91 95 138 
17
N 17 19 37 44 48 55 64 66 74 75 98 99 100 113 121 138 142 
17
N 6 11 13 44 48 50 55 60 67 69 71 72 80 104 112 120 132 
17
N 9 12 21 32 33 43 45 48 49 68 90 93 94 108 123 124 134 
18
N 8 12 17 21 31 37 53 71 76 88 89 92 96 101 108 117 122 131 
16
N 15 18 24 26 28 32 44 46 59 60 82 90 100 111 145 146 
17
N 1 6 14 22 25 40 45 51 55 74 103 105 116 119 120 127 129 
18
N 2 5 9 11 13 15 38 73 84 88 89 98 114 115 136 143 145 146 
17
N 17 23 27 28 30 50 58 72 89 93 105 106 108 119 128 133 143 
18
N 14 18 23 46 56 57 66 79 81 89 101 122 127 128 131 132 138 143 
17
N 1 11 15 20 41 43 48 53 59 94 96 105 118 120 131 148 151 
18
N 1 3 12 13 30 36 40 46 54 59 90 97 112 126 132 134 143 146 
17
N 11 23 26 33 44 46 65 66 68 87 92 102 105 131 141 145 152 
18
N 6 7 17 30 41 45 64 70 80 81 82 97 114 115 128 131 145 154 
19
N 1 2 3 5 14 33 44 61 63 90 105 114 117 118 127 129 131 136 148 
18
N 30 34 36 39 45 67 79 91 102 108 111 112 124 128 133 145 147 148 
18
N 8 12 15 27 34 43 54 55 56 59 78 85 91 92 95 100 106 131 
17
N 8 25 58 64 66 68 70 75 87 98 109 111 114 126 132 144 145 
18
N 2 3 35 44 52 69 71 76 86 104 106 109 121 123 125 152 156 158 
20
N 23 29 35 38 44 53 55 68 79 84 86 89 92 94 102 108 115 117 132 152 
18
N 22 36 39 41 46 52 53 54 67 70 88 100 115 124 129 141 160 161 
18
N 5 9 16 23 44 48 52 57 59 66 70 89 102 111 115 129 132 158 
18
N 1 7 42 49 58 67 68 72 76 77 80 83 88 93 111 124 135 149 
18
N 12 20 29 39 47 51 60 65 75 110 112 115 117 142 143 146 152 155 
18
N 17 19 29 34 36 52 58 65 68 70 93 110 134 145 150 158 159 162 
18
N 1 13 21 28 37 62 68 70 75 82 89 90 92 93 114 116 137 157 
19
N 8 15 17 25 26 32 34 47 59 67 81 86 110 128 134 151 152 155 166 
18
N 9 10 12 21 53 62 68 69 74 81 92 98 99 101 115 124 125 156 
17
N 1 9 11 18 35 36 51 53 56 61 71 128 138 147 152 163 168 
19
N 15 18 40 53 61 75 76 85 86 94 100 101 114 120 135 142 154 158 165 
19
N 17 30 39 47 54 74 99 108 122 133 137 144 145 149 155 156 163 167 168 
19
N 1 19 27 39 65 74 76 80 86 90 96 98 103 109 131 139 166 168 172 
18
N 5 9 27 33 36 41 50 58 60 63 64 82 86 87 107 110 115 119 
18
N 5 23 35 36 39 57 72 73 75 90 106 107 115 125 126 128 140 146 
18
N 41 53 73 75 76 82 97 104 105 106 111 113 125 130 153 157 166 174 
18
N 6 15 19 46 52 58 65 69 74 87 91 100 101 103 127 129 165 172 
17
N 5 7 19 26 39 43 52 69 79 94 101 107 114 117 119 125 150 
19
N 2 10 13 14 24 27 34 41 48 65 67 77 82 89 95 101 154 175 177 
18
N 7 15 18 44 78 81 87 90 101 110 117 135 143 144 148 150 152 157 
19
N 6 11 23 28 34 41 42 49 56 65 70 84 88 101 125 126 137 172 173 
20
N 5 6 30 47 54 63 83 86 98 103 125 127 140 142 144 146 150 157 159 174 
18
N 10 27 35 38 56 64 81 91 96 97 106 112 120 130 138 145 146 159 
19
N 18 29 44 45 47 50 53 54 72 75 82 86 98 106 120 138 141 146 155 
19
N 11 14 15 31 43 47 52 69 78 79 81 89 92 94 100 101 154 170 181 
18
N 40 41 43 52 61 65 69 77 78 81 91 101 113 116 123 158 174 178 
18
N 16 17 29 36 53 81 92 96 114 119 122 126 128 149 158 163 168 170 
19
N 11 15 24 27 31 36 47 66 71 87 91 99 103 105 120 123 141 152 177 
19
N 1 3 24 26 40 49 67 75 79 85 88 90 95 111 114 117 123 126 175 
18
N 15 36 48 49 70 72 97 102 103 105 113 121 135 143 147 170 173 180 
18
N 1 7 31 50 88 104 111 122 138 145 154 161 166 169 174 176 177 178 
18
N 14 22 32 34 38 44 76 79 86 95 132 133 146 160 162 163 183 187 
19
N 10 16 30 32 35 53 78 81 84 99 101 109 116 138 140 144 148 150 156 
19
N 30 32 37 40 46 60 64 88 89 102 104 122 136 146 148 154 163 174 188 
19
N 9 31 44 55 79 91 109 129 131 134 145 146 151 158 164 175 177 179 183 
18
N 9 15 18 27 28 36 74 91 119 124 127 149 171 174 175 178 186 189 
18
N 40 44 48 54 67 75 92 94 99 103 105 124 133 146 162 187 190 191 
19
N 1 10 28 30 44 49 52 59 72 74 78 95 112 114 122 145 147 169 194 
20
N 29 34 41 44 58 63 84 89 102 115 135 148 150 162 174 180 182 186 190 195 
19
N 25 42 50 51 62 88 92 100 108 124 125 126 127 156 159 169 178 179 199 
19
N 12 13 23 26 28 44 49 65 72 106 124 141 148 155 158 166 174 196 199 
