1 18
2 23
3 28
4 36
5 43
6 52
7 61
8 71
9 81
10 93
11 107
12 122
13 138
14 156
15 175
16 195
17 216
18 242
19 269
20 297
21 327
22 359
23 393
24 430
25 469
26 511
27 555
28 601
29 649
30 700
31 754
32 812
33 872
34 936
35 1033
36 1103
37 1176
38 1253
39 1334
40 1418
41 1507
42 1610
43 1706
44 1806
45 1909
46 2017
47 2128
48 2246
49 2367
50 2494
51 2624
52 2760
53 2900
54 3045
55 3196
56 3351
57 3512
58 3705
59 3877
60 4055
61 4237
62 4439
63 4651
64 4892
65 5135
66 5385
67 5660
68 5950
69 6242
70 6593
71 6874
72 7180
73 7494
74 7823
75 8157
76 8504
77 8860
78 9225
79 9579
80 9931
81 10295
82 10665
83 11032
84 11421
85 11764
86 12177
87 12534
88 12906
89 13277
90 13658
91 14046
92 14446
93 14850
94 15262
95 15704
96 16241
97 16765
98 17313
99 17906
100 18615
101 19262
102 19934
103 20609
104 21352
105 21986
106 22585
107 23130
108 23739
109 24680
110 25261
111 25830
112 26459
113 27092
114 27719
115 28328
116 28944
117 29570
118 30214
119 30860
120 31522
121 32207
122 33173
123 33868
124 34600
125 35330
126 36056
127 36799
128 37546
129 38329
130 39108
131 39898
132 40730
133 41764
134 42599
135 43432
136 44272
137 45143
138 46025
139 46914
140 47802
141 48719
142 49646
143 50770
144 51721
145 52693
146 53671
147 54652
148 55665
149 56757
150 57912
151 59244
152 60308
153 61364
154 62440
155 63535
156 64633
157 65748
158 66897
159 68250
160 69409
161 70613
162 71800
163 72991
164 74234
165 75459
166 76890
167 78164
168 79433
169 80741
170 82050
171 83363
172 84721
173 86279
174 87638
175 89028
176 90423
177 91845
178 93278
179 94911
180 96383
181 97855
182 99363
183 100871
184 102404
185 104136
186 105684
187 107290
188 108883
189 110506
190 112126
191 113959
192 115610
193 117293
194 118993
195 120720
196 122646
197 124397
198 126165
199 127944
200 129736
201 131745
202 133583
203 135443
204 137307
205 139198
206 141292
207 143216
208 145147
209 147106
210 149105
211 151434
212 153443
213 155485
214 157539
215 159619
216 161913
217 164079
218 166219
219 168368
220 170536
221 172906
222 175084
223 177334
224 179589
225 182040
226 184343
227 186631
228 188968
229 191492
230 193853
231 196251
232 198658
233 201266
234 203719
235 206174
236 208655
237 211360
238 213914
239 216459
240 219011
241 221800
242 224416
243 227051
244 229712
245 232583
246 235277
247 237977
248 240712
249 243666
250 246512
251 249316
252 252156
253 255020
254 257897
255 260788
256 263900
257 266863
258 269843
259 273015
260 276026
261 279042
262 282298
263 285382
264 288503
265 291812
266 294955
267 298108
268 301491
269 304694
270 307939
271 311416
272 314716
273 318023
274 321531
275 325012
276 328420
277 332057
278 335539
279 339005
280 342826
281 346347
282 349887
283 353636
284 357225
285 360820
286 364640
287 368288
288 371995
289 375891
290 379632
291 383403
292 387342
293 391137
294 394963
295 398997
296 402871
297 406771
298 410880
299 414824
300 418812
301 423025
302 427047
303 431112
304 435372
305 439947
306 444376
307 448568
308 452766
309 457221
310 461471
311 465741
312 470052
313 474396
314 478932
315 483302
316 487893
317 492340
318 496995
319 501525
320 506224
321 510799
322 515563
323 520164
324 525099
325 529765
326 534765
327 539496
328 545005
329 549797
330 554855
331 559696
332 564732
333 569627
334 574722
335 579673
336 584847
337 589850
338 595066
339 600133
340 605409
341 610521
342 615872
343 621097
344 626482
345 631803
346 637249
347 642584
348 648094
349 653453
350 659033
351 664436
352 670068
353 675526
354 681233
355 686783
356 692575
357 698161
358 703992
359 709656
360 715644
361 721344
362 727395
363 733208
364 739203
365 745081
366 751158
367 757084
368 763220
369 769230
370 775431
371 781488
372 787730
373 793838
374 800184
375 806347
376 812737
377 819000
378 825530
379 831815
380 838352
381 844747
382 851298
383 857715
384 864394
385 870936
386 877658
387 884230
388 891031
389 897681
390 904590
391 911349
392 918835
393 925696
394 932740
395 939585
396 948685
397 955572
398 962541
399 969491
400 976553
401 983603
402 990707
403 997790
404 1004977
405 1012154
406 1019431
407 1026695
408 1034036
409 1041355
410 1048748
411 1056132
412 1063598
413 1071074
414 1078627
415 1086160
416 1093788
417 1101712
418 1109396
419 1118791
420 1126838
421 1134599
422 1142593
423 1150447
424 1158526
425 1166448
426 1174594
427 1182589
428 1190771
429 1198833
430 1207130
431 1215244
432 1223644
433 1231847
434 1240309
435 1248576
436 1257084
437 1265417
438 1273971
439 1283018
440 1291551
441 1300063
442 1308594
443 1317245
444 1325858
445 1334503
446 1343196
447 1351971
448 1360756
449 1369733
450 1378751
451 1387804
452 1397512
453 1406647
454 1415941
455 1425151
456 1434418
457 1443709
458 1453025
459 1462409
460 1471794
461 1481336
462 1490820
463 1500383
464 1509981
465 1519687
466 1529337
467 1539047
468 1548797
469 1558585
470 1568401
471 1578245
472 1588132
473 1598074
474 1608072
475 1641907
476 1651855
477 1661815
478 1671815
479 1681929
480 1692189
481 1702751
482 1713046
483 1723289
484 1733535
485 1743878
486 1754209
487 1764614
488 1775038
489 1785486
490 1796014
491 1806595
492 1817260
493 1827870
494 1838567
495 1849304
496 1860119
497 1871004
498 1882342
499 1893197
500 1904139
501 1915206
502 1926929
503 1938037
504 1949185
505 1960368
506 1971555
507 1982835
508 1994085
509 2005393
510 2016828
511 2028350
512 2039809
513 2051324
514 2062912
515 2074554
516 2086212
517 2097922
518 2109717
519 2121509
520 2133344
521 2145193
522 2157117
523 2169104
524 2181101
525 2193130
526 2205208
527 2217331
528 2229516
529 2241858
530 2254129
531 2266435
532 2279932
533 2292708
534 2305216
535 2317667
536 2330182
537 2342780
538 2355432
539 2368591
540 2381344
541 2394099
542 2406969
543 2419858
544 2432753
545 2445690
546 2458790
547 2471850
548 2484955
549 2498140
550 2511448
551 2524690
552 2538036
553 2551355
554 2564735
555 2578123
556 2591650
557 2605233
558 2618817
559 2632466
560 2646221
561 2659903
562 2673660
563 2687466
564 2701370
565 2715266
566 2729229
567 2743234
568 2757248
569 2771342
570 2785471
571 2799665
572 2813972
573 2828279
574 2842660
575 2857738
576 2872661
577 2887369
578 2903877
579 2918426
580 2933038
581 2947756
582 2962439
583 2977221
584 2992047
585 3006952
586 3021860
587 3037122
588 3052170
589 3067251
590 3082385
591 3097620
592 3112872
593 3128166
594 3143519
595 3158874
596 3174323
597 3189812
598 3205414
599 3221647
600 3237548
601 3253248
602 3268954
603 3284743
604 3300602
605 3316479
606 3332432
607 3349508
608 3365722
609 3381922
610 3398257
611 3414613
612 3431134
613 3448126
614 3464641
615 3481176
616 3497857
617 3514528
618 3531240
619 3548060
620 3564839
621 3581726
622 3598723
623 3615687
624 3632808
625 3649909
626 3667032
627 3684478
628 3701769
629 3719038
630 3736371
631 3753795
632 3771211
633 3788729
634 3806348
635 3824578
636 3842283
637 3860045
638 3879770
639 3897686
640 3915595
641 3933567
642 3951620
643 3969680
644 3987787
645 4006095
646 4025025
647 4043622
648 4061986
649 4080396
650 4098909
651 4117413
652 4135960
653 4154560
654 4173191
655 4192042
656 4211051
657 4229895
658 4248792
659 4267821
660 4286794
661 4305886
662 4325551
663 4344704
664 4363900
665 4383152
666 4402598
667 4421970
668 4441400
669 4460942
670 4480500
671 4500192
672 4519942
673 4539689
674 4559468
675 4579296
676 4599354
677 4619837
678 4639947
679 4660351
680 4680492
681 4700817
682 4721093
683 4741421
684 4761798
685 4782251
686 4803395
687 4824202
688 4845740
689 4866294
690 4886916
691 4907558
692 4928248
693 4948945
694 4969734
695 4990864
696 5011766
697 5032738
698 5053815
699 5074956
700 5096174
701 5117407
702 5138688
703 5160570
704 5182301
705 5206726
706 5228266
707 5249895
708 5271503
709 5295449
710 5317404
711 5339367
712 5361433
713 5383682
714 5405965
715 5428196
716 5450508
717 5472938
718 5495419
719 5517935
720 5540477
721 5563093
722 5585836
723 5608652
724 5631675
725 5654524
726 5677415
727 5700456
728 5723493
729 5746540
730 5769728
731 5794109
732 5817462
733 5841678
734 5864980
735 5888242
736 5911595
737 5935066
738 5958542
739 5982134
740 6005840
741 6029547
742 6053305
743 6077110
744 6100944
745 6124893
746 6149573
747 6173963
748 6198101
749 6222286
750 6246487
751 6271927
752 6296538
753 6321193
754 6345931
755 6371229
756 6396079
757 6420881
758 6445818
759 6470814
760 6495929
761 6521038
762 6546179
763 6571478
764 6596841
765 6622526
766 6647987
767 6673485
768 6699059
769 6724763
770 6750759
771 6776779
772 6802693
773 6830093
774 6856082
775 6882102
776 6908364
777 6934501
778 6961411
779 6987738
780 7014160
781 7040634
782 7067116
783 7093749
784 7120712
785 7147489
786 7174304
787 7201256
788 7228068
789 7256269
790 7283323
791 7310455
792 7337613
793 7364822
794 7392144
795 7419546
796 7447027
797 7474571
798 7502222
799 7529940
800 7558110
801 7585853
802 7614039
803 7641966
804 7670054
805 7698100
806 7726264
807 7755037
808 7783241
809 7811654
810 7841353
811 7869778
812 7898373
813 7927131
814 7955836
815 7984560
816 8013427
817 8042316
818 8071275
819 8100574
820 8129821
821 8159436
822 8188690
823 8218058
824 8247971
825 8277449
826 8306989
827 8336766
828 8366438
829 8396248
830 8426033
831 8455878
832 8485830
833 8515987
834 8546118
835 8576119
836 8606650
837 8636916
838 8667295
839 8697743
840 8729353
841 8759985
842 8790635
843 8822563
844 8853340
845 8884164
846 8915322
847 8946393
848 8977512
849 9008654
850 9039874
851 9071303
852 9102839
853 9134367
854 9165870
855 9197528
856 9229813
857 9261489
858 9293375
859 9325737
860 9357746
861 9389680
862 9421840
863 9454002
864 9486123
865 9518694
866 9551019
867 9583489
868 9616453
869 9649040
870 9681739
871 9715231
872 9748269
873 9782354
874 9815469
875 9848498
876 9881697
877 9915492
878 9948779
879 9982127
880 10015687
881 10049337
882 10083213
883 10116911
884 10150738
885 10185010
886 10219059
887 10253057
888 10287154
889 10321341
890 10355523
891 10389823
892 10424219
893 10458652
894 10493630
895 10528305
896 10562979
897 10597821
898 10632679
899 10667591
900 10703092
901 10738249
902 10774363
903 10809654
904 10844815
905 10880272
906 10915772
907 10951256
908 10986841
909 11022533
910 11058731
911 11095047
912 11131025
913 11167519
914 11203524
915 11239751
916 11275928
917 11312230
918 11348546
919 11384952
920 11445473
921 11482350
922 11518963
923 11555662
924 11592661
925 11629578
926 11667525
927 11704959
928 11742120
929 11780288
930 11817736
931 11855224
932 11892701
933 11930369
934 11967988
935 12005694
936 12043715
937 12081505
938 12119454
939 12157941
940 12196004
941 12234211
942 12273757
943 12312148
944 12350640
945 12389160
946 12427880
947 12466530
948 12505289
949 12544118
950 12583173
951 12622049
952 12661554
953 12700688
954 12739998
955 12780347
956 12819677
957 12859727
958 12899254
959 12938845
960 12978527
961 13018609
962 13058576
963 13098437
964 13138950
965 13179101
966 13219363
967 13259748
968 13300122
969 13340614
970 13381115
971 13421821
972 13462873
973 13503561
974 13544401
975 13585522
976 13627181
977 13668386
978 13709485
979 13750825
980 13792917
981 13834622
982 13875883
983 13917243
984 13958789
985 14001014
986 14045891
987 14087575
988 14131608
989 14173735
990 14215999
991 14258283
992 14300640
993 14343116
994 14385695
995 14428464
996 14471141
997 14513897
998 14556772
999 14599985
1000 14644298
1001 14687625
1002 14730845
1003 14774062
1004 14818303
1005 14861886
1006 14905400
1007 14949074
1008 14993524
1009 15037410
1010 15081288
1011 15125749
1012 15169897
1013 15214605
1014 15258934
1015 15303125
1016 15347499
1017 15392065
1018 15436659
1019 15481175
1020 15525967
1021 15570848
1022 15616575
1023 15661682
1024 15706721
1025 15751881
1026 15798009
1027 15844519
1028 15889880
1029 15935533
1030 15981533
1031 16027230
1032 16073081
1033 16119329
1034 16165334
1035 16211547
1036 16257842
1037 16304076
1038 16350425
1039 16397285
1040 16443854
1041 16490314
1042 16536934
1043 16584210
1044 16631147
1045 16678162
1046 16725218
1047 16772424
1048 16819593
1049 16867833
1050 16915176
1051 16962846
1052 17010951
1053 17058643
1054 17106938
1055 17154825
1056 17202744
1057 17250637
1058 17298682
1059 17346822
1060 17395167
1061 17443414
1062 17491869
1063 17540455
1064 17590991
1065 17639947
1066 17688807
1067 17737653
1068 17786763
1069 17835813
1070 17885726
1071 17935217
1072 17984571
1073 18034044
1074 18083999
1075 18133545
1076 18183944
1077 18233763
1078 18283646
1079 18333569
1080 18383811
1081 18433858
1082 18484127
1083 18534521
1084 18585666
1085 18636187
1086 18687125
1087 18737898
1088 18789257
1089 18840122
1090 18891994
1091 18943432
1092 18994546
1093 19046260
1094 19097690
1095 19149186
1096 19200854
1097 19252447
1098 19304204
1099 19356482
1100 19408484
1101 19460342
1102 19512614
1103 19565280
1104 19617730
1105 19670345
1106 19722782
1107 19775432
1108 19828157
1109 19880993
1110 19935074
1111 19988330
1112 20041812
1113 20095074
1114 20148298
1115 20201607
1116 20254965
1117 20308611
1118 20362254
1119 20416034
1120 20469818
1121 20526097
1122 20580478
1123 20634557
1124 20689196
1125 20743662
1126 20798091
1127 20852586
1128 20908284
1129 20963026
1130 21018797
1131 21073675
1132 21129228
1133 21184503
1134 21239636
1135 21318405
1136 21373668
1137 21429104
1138 21484747
1139 21540848
1140 21596675
1141 21652503
1142 21709513
1143 21765874
1144 21821903
1145 21878249
1146 21935342
1147 21991746
1148 22048749
1149 22105405
1150 22162129
1151 22218917
1152 22275794
1153 22333368
1154 22390477
1155 22447652
1156 22505527
1157 22562814
1158 22620306
1159 22677883
1160 22735865
1161 22793643
1162 22851840
1163 22911029
1164 22969759
1165 23028357
1166 23086691
1167 23145088
1168 23203501
1169 23262022
1170 23320624
1171 23379356
1172 23438191
1173 23498000
1174 23557290
1175 23616590
1176 23675943
1177 23735692
1178 23795113
1179 23855366
1180 23915299
1181 23975980
1182 24036014
1183 24096552
1184 24156635
1185 24216768
1186 24276966
1187 24337286
1188 24397759
1189 24458387
1190 24519678
1191 24580680
1192 24641549
1193 24703854
1194 24771714
1195 24833142
1196 24894492
1197 24955675
1198 25019442
1199 25081106
1200 25142507
1201 25203963
1202 25268639
1203 25330450
1204 25392257
1205 25456917
1206 25518913
1207 25581062
1208 25643298
1209 25705971
1210 25768580
1211 25831762
1212 25897518
1213 25962629
1214 26026452
1215 26089745
1216 26153018
1217 26216465
1218 26280166
1219 26343875
1220 26407516
1221 26472545
1222 26536451
1223 26600468
1224 26664730
1225 26728906
1226 26793640
1227 26858341
1228 26922880
1229 26987945
1230 27054112
1231 27118871
1232 27183848
1233 27248842
1234 27314122
1235 27379359
1236 27445570
1237 27511038
1238 27576647
1239 27643429
1240 27709263
1241 27775235
1242 27843324
1243 27909487
1244 27976906
1245 28043329
1246 28110428
1247 28176888
1248 28244218
1249 28311010
1250 28377811
1251 28445283
1252 28512325
1253 28579620
1254 28646990
1255 28714503
1256 28782151
1257 28850525
1258 28918704
1259 28986536
1260 29055335
1261 29123458
1262 29191504
1263 29259883
1264 29327995
1265 29396426
1266 29466089
1267 29534643
1268 29603595
1269 29672490
1270 29741435
1271 29810632
1272 29880035
1273 29949776
1274 30019843
1275 30090095
1276 30159807
1277 30229513
1278 30299408
1279 30369288
1280 30439967
1281 30510044
1282 30580278
1283 30651101
1284 30721593
1285 30792773
1286 30863738
1287 30935237
1288 31006237
1289 31077316
1290 31148999
1291 31243209
1292 31314523
1293 31386470
1294 31458100
1295 31529785
1296 31601670
1297 31673340
1298 31745411
1299 31818111
1300 31891149
1301 31963453
1302 32035955
1303 32109005
1304 32181587
1305 32254303
1306 32326873
1307 32402720
1308 32475736
1309 32549070
1310 32622413
1311 32695790
1312 32769701
1313 32843378
1314 32918266
1315 32993348
1316 33067384
1317 33141988
1318 33216417
1319 33290576
1320 33365533
1321 33440191
1322 33514835
1323 33590182
1324 33665040
1325 33740390
1326 33815488
1327 33891099
1328 33966746
1329 34042093
1330 34117752
1331 34194529
1332 34270415
1333 34346406
1334 34422870
1335 34498839
1336 34577570
1337 34653994
1338 34730770
1339 34807968
1340 34885176
1341 34962464
1342 35039542
1343 35116609
1344 35194404
1345 35271531
1346 35349843
1347 35427606
1348 35505222
1349 35583006
1350 35660929
1351 35739080
1352 35817041
1353 35895695
1354 35974532
1355 36053200
1356 36131737
1357 36211017
1358 36289754
1359 36369162
1360 36448132
1361 36527384
1362 36606911
1363 36686282
1364 36765801
1365 36845683
1366 36925385
1367 37005466
1368 37085429
1369 37165997
1370 37246589
1371 37327205
1372 37407734
1373 37488278
1374 37568866
1375 37649793
1376 37731081
1377 37812077
1378 37893736
1379 37974950
1380 38056457
1381 38137847
1382 38219297
1383 38301533
1384 38385206
1385 38467153
1386 38549297
1387 38632798
1388 38714957
1389 38797390
1390 38880147
1391 38963398
1392 39046423
1393 39129303
1394 39212225
1395 39295286
1396 39380419
1397 39464281
1398 39548232
1399 39631800
1400 39715435
1401 39799769
1402 39883782
1403 39967943
1404 40052085
1405 40136810
1406 40221080
1407 40306120
1408 40390549
1409 40475864
1410 40560554
1411 40649962
1412 40738817
1413 40824366
1414 40909703
1415 40998545
1416 41088426
1417 41175666
1418 41261525
1419 41349313
1420 41438738
1421 41527802
1422 41614729
1423 41701343
1424 41791522
1425 41884736
1426 41972388
1427 42059160
1428 42146659
1429 42236620
1430 42329312
1431 42417154
1432 42507103
1433 42594881
1434 42687170
1435 42779396
1436 42867593
1437 42955617
1438 43046487
1439 43140929
1440 43229228
1441 43320291
1442 43408836
1443 43501692
1444 43592920
1445 43684737
1446 43774545
1447 43866520
1448 43958591
1449 44048132
1450 44137651
1451 44228301
1452 44322663
1453 44413762
1454 44503695
1455 44594707
1456 44688334
1457 44782147
1458 44873107
1459 44963881
1460 45056317
1461 45148996
1462 45243590
1463 45334630
1464 45428456
1465 45520329
1466 45615095
1467 45709597
1468 45801780
1469 45893756
1470 45985744
1471 46088621
1472 46182537
1473 46286601
1474 46379316
1475 46472475
1476 46568835
1477 46662671
1478 46756753
1479 46849785
1480 46943156
1481 47036710
1482 47130300
1483 47224096
1484 47318984
1485 47412893
1486 47506975
1487 47601382
1488 47695635
1489 47790501
1490 47885495
1491 47980349
1492 48075149
1493 48170127
1494 48265662
1495 48360929
1496 48456727
1497 48552564
1498 48647943
1499 48744617
1500 48840362
1501 48936247
1502 49032232
1503 49128894
1504 49225327
1505 49322084
1506 49418707
1507 49515675
1508 49612596
1509 49710051
1510 49807487
1511 49904559
1512 50001839
1513 50099292
1514 50196853
1515 50295564
1516 50393394
1517 50491191
1518 50589732
1519 50688037
1520 50786759
1521 50885734
1522 50984157
1523 51107468
1524 51206304
1525 51305723
1526 51406831
1527 51507680
1528 51606981
1529 51707865
1530 51807493
1531 51907144
1532 52007011
1533 52107425
1534 52208128
1535 52308435
1536 52408834
1537 52510174
1538 52611300
1539 52713102
1540 52814006
1541 52915001
1542 53016250
1543 53117586
1544 53220195
1545 53321790
1546 53423296
1547 53526155
1548 53628116
1549 53731188
1550 53834547
1551 53937045
1552 54039648
1553 54142045
1554 54245362
1555 54349228
1556 54460345
1557 54563609
1558 54666958
1559 54771326
1560 54874788
1561 54978436
1562 55082658
1563 55187005
1564 55290976
1565 55395079
1566 55499717
1567 55604837
1568 55709984
1569 55815344
1570 55920154
1571 56025113
1572 56130100
1573 56236418
1574 56341942
1575 56447945
1576 56553458
1577 56659425
1578 56765393
1579 56872217
1580 56978329
1581 57084521
1582 57191488
1583 57298572
1584 57405692
1585 57512994
1586 57620206
1587 57727830
1588 57834965
1589 57942699
1590 58050625
1591 58158866
1592 58266614
1593 58374649
1594 58483208
1595 58591886
1596 58700880
1597 58809389
1598 58917962
1599 59027103
1600 59135937
1601 59246282
1602 59355224
1603 59464878
1604 59574179
1605 59684065
1606 59794351
1607 59904124
1608 60014061
1609 60124543
1610 60235273
1611 60345957
1612 60457101
1613 60567777
1614 60678842
1615 60789700
1616 60900796
1617 61014914
1618 61127238
1619 61238605
1620 61350266
1621 61462772
1622 61574955
1623 61687352
1624 61799350
1625 61911583
1626 62024166
1627 62138303
1628 62250900
1629 62363441
1630 62476865
1631 62589854
1632 62703608
1633 62817636
1634 62931402
1635 63044900
1636 63159592
1637 63273991
1638 63388947
1639 63503153
1640 63617985
1641 63732303
1642 63847012
1643 63962437
1644 64077295
1645 64193254
1646 64308209
1647 64424047
1648 64540584
1649 64656555
1650 64772408
1651 64888309
1652 65004634
1653 65121818
1654 65238415
1655 65355522
1656 65471855
1657 65588907
1658 65706009
1659 65822895
1660 65939900
1661 66057326
1662 66175133
1663 66293681
1664 66411634
1665 66529307
1666 66647686
1667 66765629
1668 66884209
1669 67002643
1670 67121858
1671 67240444
1672 67360298
1673 67479710
1674 67599407
1675 67718584
1676 67837957
1677 67957495
1678 68077727
1679 68197902
1680 68317798
1681 68438921
1682 68559442
1683 68680338
1684 68800771
1685 68921318
1686 69042094
1687 69164368
1688 69285919
1689 69407680
1690 69529526
1691 69652121
1692 69773719
1693 69895896
1694 70017663
1695 70140007
1696 70262375
1697 70385252
1698 70508322
1699 70631839
1700 70754704
1701 70877597
1702 71002896
1703 71127049
1704 71250245
1705 71374352
1706 71497923
1707 71622148
1708 71746763
1709 71870678
1710 71994970
1711 72119787
1712 72244920
1713 72370302
1714 72495199
1715 72620614
1716 72746098
1717 72871827
1718 72997166
1719 73122937
1720 73248577
1721 73374936
1722 73501564
1723 73628599
1724 73755116
1725 73881575
1726 74008083
1727 74135678
1728 74262220
1729 74390011
1730 74517768
1731 74646636
1732 74773895
1733 74901362
1734 75029621
1735 75157568
1736 75286478
1737 75414607
1738 75543561
1739 75672584
1740 75801340
1741 75930033
1742 76059370
1743 76188343
1744 76317962
1745 76447873
1746 76577734
1747 76707722
1748 76837502
1749 76967404
1750 77098954
1751 77228873
1752 77359533
1753 77490864
1754 77621804
1755 77752646
1756 77883609
1757 78015214
1758 78146543
1759 78278805
1760 78410275
1761 78542530
1762 78674462
1763 78807021
1764 78939198
1765 79071871
1766 79203971
1767 79336877
1768 79470278
1769 79603418
1770 79736339
1771 79869401
1772 80004007
1773 80137431
1774 80271274
1775 80404978
1776 80539465
1777 80674114
1778 80808384
1779 80966953
1780 81101697
1781 81237080
1782 81371746
1783 81507211
1784 81642151
1785 81777945
1786 81913352
1787 82049572
1788 82185368
1789 82321519
1790 82458470
1791 82594744
1792 82730968
1793 82867455
1794 83005024
1795 83141987
1796 83279736
1797 83416862
1798 83555115
1799 83692682
1800 83830650
1801 83968765
1802 84114192
1803 84256332
1804 84394214
1805 84534768
1806 84672948
1807 84812091
1808 84951434
1809 85090410
1810 85229706
1811 85372378
1812 85512098
1813 85651573
1814 85791059
1815 85931601
1816 86071903
1817 86212183
1818 86352243
1819 86493055
1820 86634208
1821 86774804
1822 86915554
1823 87058450
1824 87200154
1825 87341696
1826 87483722
1827 87625400
1828 87767551
1829 87909624
1830 88052285
1831 88194626
1832 88337245
1833 88480302
1834 88623074
1835 88765944
1836 88909861
1837 89053398
1838 89197021
1839 89340396
1840 89484666
1841 89629134
1842 89772974
1843 89917525
1844 90061956
1845 90207383
1846 90351777
1847 90497627
1848 90642568
1849 90788109
1850 90957378
1851 91102903
1852 91248417
1853 91394918
1854 91540654
1855 91686624
1856 91832941
1857 91980279
1858 92126790
1859 92273225
1860 92420411
1861 92567745
1862 92714887
1863 92862060
1864 93011114
1865 93159402
1866 93306967
1867 93455233
1868 93603413
1869 93752005
1870 93900916
1871 94049501
1872 94198463
1873 94347738
1874 94497141
1875 94646103
1876 94795300
1877 94945582
1878 95095347
1879 95245019
1880 95395446
1881 95546495
1882 95696775
1883 95847182
1884 95998140
1885 96149644
1886 96300298
1887 96451613
1888 96602528
1889 96754589
1890 96906725
1891 97058454
1892 97210492
1893 97363353
1894 97515380
1895 97667568
1896 97820149
1897 97973975
1898 98127079
1899 98279947
1900 98433477
1901 98587151
1902 98740970
1903 98895548
1904 99050246
1905 99204098
1906 99358622
1907 99512674
1908 99667605
1909 99822218
1910 99977491
1911 100132657
1912 100288297
1913 100443717
1914 100599051
1915 100778008
1916 100935270
1917 101090989
1918 101247024
1919 101403723
1920 101560605
1921 101717027
1922 101874124
1923 102031519
1924 102189024
1925 102346695
1926 102503704
1927 102661552
1928 102819880
1929 102977722
1930 103135897
1931 103294359
1932 103452905
1933 103611341
1934 103769891
1935 103929907
1936 104089331
1937 104248469
1938 104408709
1939 104568304
1940 104727769
1941 104888224
1942 105048839
1943 105208991
1944 105369655
1945 105529886
1946 105691109
1947 105852345
1948 106014648
1949 106175542
1950 106338218
1951 106499604
1952 106660698
1953 106823591
1954 106985538
1955 107147508
1956 107310190
1957 107473092
1958 107635400
1959 107798568
1960 107961446
1961 108125242
1962 108288891
1963 108452163
1964 108616165
1965 108780783
1966 108944971
1967 109109250
1968 109274332
1969 109438667
1970 109603007
1971 109768082
1972 109933266
1973 110098520
1974 110263815
1975 110429978
1976 110595283
1977 110784368
1978 110950848
1979 111117483
1980 111284619
1981 111450892
1982 111617732
1983 111784699
1984 111951612
1985 112118675
1986 112286984
1987 112454371
1988 112621700
1989 112790415
1990 112958528
1991 113126582
1992 113295257
1993 113463824
1994 113632216
1995 113801330
1996 113980866
1997 114150382
1998 114321916
1999 114491271
2000 114661142
2001 114831435
2002 115001229
2003 115171733
2004 115342183
2005 115512337
2006 115682892
2007 115854640
2008 116025747
2009 116196789
2010 116369652
2011 116541126
2012 116712671
2013 116885460
2014 117057957
2015 117230536
2016 117402514
2017 117575472
2018 117748729
2019 117921842
2020 118094805
2021 118268799
2022 118442231
2023 118615618
2024 118790293
2025 118964508
2026 119138239
2027 119313486
2028 119487902
2029 119662279
2030 119837392
2031 120012623
2032 120187354
2033 120363187
2034 120538840
2035 120738353
2036 120914095
2037 121089974
2038 121266710
2039 121443099
2040 121619493
2041 121797805
2042 121974548
2043 122151181
2044 122329293
2045 122506541
2046 122683852
2047 122862223
2048 123040645
2049 123218844
2050 123396789
2051 123575593
2052 123754419
2053 123933185
2054 124112352
2055 124291796
2056 124470930
2057 124650077
2058 124830492
2059 125010187
2060 125190440
2061 125370838
2062 125551035
2063 125731865
2064 125913246
2065 126093880
2066 126275178
2067 126456000
2068 126637261
2069 126819325
2070 127001051
2071 127184238
2072 127365851
2073 127547857
2074 127731199
2075 127913965
2076 128096396
2077 128279950
2078 128462659
2079 128645718
2080 128829706
2081 129013960
2082 129198028
2083 129381684
2084 129566295
2085 129750989
2086 129935767
2087 130120463
2088 130305397
2089 130490010
2090 130698582
2091 130883899
2092 131069325
2093 131255655
2094 131441144
2095 131627081
2096 131813421
2097 132000071
2098 132187510
2099 132373895
2100 132561317
2101 132748648
2102 132935919
2103 133123639
2104 133311481
2105 133499141
2106 133687855
2107 133876345
2108 134064719
2109 134253889
2110 134442451
2111 134631866
2112 134822002
2113 135010874
2114 135200525
2115 135389828
2116 135579848
2117 135770042
2118 135959938
2119 136150701
2120 136340817
2121 136531336
2122 136723028
2123 136913989
2124 137104780
2125 137297709
2126 137488665
2127 137680731
2128 137873419
2129 138065210
2130 138257708
2131 138450308
2132 138643245
2133 138836229
2134 139029689
2135 139223192
2136 139416079
2137 139610274
2138 139803866
2139 139997471
2140 140192418
2141 140386375
2142 140580663
2143 140800659
2144 140995393
2145 141190730
2146 141386720
2147 141581864
2148 141777941
2149 141973759
2150 142169921
2151 142365687
2152 142563551
2153 142760993
2154 142957465
2155 143155148
2156 143352085
2157 143549459
2158 143764722
2159 143962204
2160 144160605
2161 144358802
2162 144556796
2163 144755424
2164 144954765
2165 145153888
2166 145352438
2167 145551898
2168 145752162
2169 145951113
2170 146151678
2171 146351241
2172 146551503
2173 146752521
2174 146952620
2175 147153434
2176 147354339
2177 147556336
2178 147757745
2179 147959628
2180 148161175
2181 148362496
2182 148564980
2183 148767516
2184 148970158
2185 149173356
2186 149375868
2187 149578861
2188 149782816
2189 149986287
2190 150189724
2191 150393600
2192 150621541
2193 150825455
2194 151030491
2195 151234500
2196 151438876
2197 151644214
2198 151849369
2199 152055071
2200 152260640
2201 152465526
2202 152672938
2203 152880008
2204 153086693
2205 153292884
2206 153499073
2207 153706125
2208 153913114
2209 154120470
2210 154327914
2211 154536004
2212 154743291
2213 154950780
2214 155159838
2215 155367638
2216 155576011
2217 155784776
2218 155993257
2219 156202702
2220 156411994
2221 156621418
2222 156830466
2223 157040938
2224 157250694
2225 157460132
2226 157670997
2227 157880968
2228 158092949
2229 158304015
2230 158515471
2231 158726748
2232 158937487
2233 159149249
2234 159361250
2235 159575400
2236 159792670
2237 160010741
2238 160225329
2239 160440433
2240 160663045
2241 160878718
2242 161099161
2243 161317425
2244 161532833
2245 161755372
2246 161970863
2247 162191141
2248 162405779
2249 162626813
2250 162842434
2251 163060992
2252 163277631
2253 163497574
2254 163716764
2255 163934647
2256 164154261
2257 164372468
2258 164595280
2259 164814420
2260 165032029
2261 165258877
2262 165484507
2263 165702769
2264 165922796
2265 166142382
2266 166359975
2267 166580873
2268 166798404
2269 167017093
2270 167235057
2271 167453281
2272 167672734
2273 167891338
2274 168110537
2275 168329650
2276 168549894
2277 168769552
2278 168989979
2279 169209907
2280 169430840
2281 169651160
2282 169871221
2283 170092553
2284 170313416
2285 170539643
2286 170761309
2287 170983234
2288 171205354
2289 171427485
2290 171649958
2291 171872155
2292 172094749
2293 172317497
2294 172542289
2295 172764602
2296 172988238
2297 173211136
2298 173447285
2299 173674979
2300 173898881
2301 174122598
2302 174347312
2303 174572372
2304 174797530
2305 175022848
2306 175247644
2307 175473710
2308 175699232
2309 175925641
2310 176151936
2311 176378850
2312 176606093
2313 176832394
2314 177059164
2315 177285956
2316 177513663
2317 177740595
2318 177968877
2319 178196212
2320 178424879
2321 178652948
2322 178881874
2323 179110681
2324 179339098
2325 179568995
2326 179797579
2327 180027044
2328 180256975
2329 180510360
2330 180740257
2331 180970488
2332 181200527
2333 181431578
2334 181662151
2335 181893353
2336 182124388
2337 182356049
2338 182588506
2339 182820060
2340 183052120
2341 183284822
2342 183517907
2343 183750361
2344 183983473
2345 184215724
2346 184450134
2347 184683199
2348 184917115
2349 185150502
2350 185384480
2351 185618892
2352 185853580
2353 186087610
2354 186323032
2355 186558107
2356 186793227
2357 187028691
2358 187263594
2359 187500731
2360 187736457
2361 187972613
2362 188208574
2363 188447774
2364 188684745
2365 188921335
2366 189158275
2367 189396621
2368 189634046
2369 189872571
2370 190109754
2371 190348185
2372 190588905
2373 190827193
2374 191066039
2375 191304562
2376 191544384
2377 191783124
2378 192022519
2379 192262289
2380 192502741
2381 192742580
2382 192983197
2383 193223033
2384 193465469
2385 193705674
2386 193947168
2387 194188361
2388 194431576
2389 194674284
2390 194915735
2391 195157811
2392 195400877
2393 195642971
2394 195886345
2395 196128433
2396 196372120
2397 196615655
2398 196859391
2399 197103121
2400 197347057
2401 197591541
2402 197836211
2403 198080760
2404 198325814
2405 198570200
2406 198815650
2407 199060574
2408 199306622
2409 199552385
2410 199798761
2411 200044587
2412 200292350
2413 200541829
2414 200788559
2415 201035288
2416 201282465
2417 201530236
2418 201777942
2419 202025224
2420 202273514
2421 202521210
2422 202769607
2423 203018148
2424 203276906
2425 203526227
2426 203775399
2427 204024899
2428 204273946
2429 204523307
2430 204773633
2431 205023165
2432 205274581
2433 205524972
2434 205775244
2435 206026180
2436 206277503
2437 206529020
2438 206780208
2439 207031662
2440 207283559
2441 207535428
2442 207787908
2443 208039959
2444 208292875
2445 208545431
2446 208798586
2447 209051452
2448 209305405
2449 209559086
2450 209813174
2451 210067172
2452 210322597
2453 210579121
2454 210833796
2455 211088389
2456 211344563
2457 211599395
2458 211854899
2459 212110484
2460 212367600
2461 212623315
2462 212879302
2463 213137925
2464 213396024
2465 213653825
2466 213911762
2467 214169866
2468 214428167
2469 214685843
2470 214944951
2471 215203941
2472 215465350
2473 215724514
2474 215984225
2475 216243962
2476 216503505
2477 216763750
2478 217023773
2479 217285967
2480 217545969
2481 217806858
2482 218067675
2483 218331320
2484 218592635
2485 218853629
2486 219115020
2487 219377179
2488 219638480
2489 219900042
2490 220162240
2491 220427823
2492 220690795
2493 220953321
2494 221216534
2495 221480323
2496 221743586
2497 222007109
2498 222271402
2499 222535541
