2
N 1 5 
3
N 2 3 4 
3
N 1 4 5 
4
N 1 5 6 7 
4
N 1 2 7 9 
6
N 3 4 6 7 9 10 
5
N 1 4 6 8 11 
4
N 2 3 5 7 
5
N 2 4 10 11 12 
5
N 1 3 9 11 14 
5
N 3 6 9 10 14 
5
N 4 5 7 9 13 
5
N 7 9 10 12 14 
5
N 6 7 13 14 17 
7
N 1 3 9 13 16 17 19 
6
N 2 3 12 14 17 18 
7
N 2 5 8 10 12 13 18 
6
N 5 7 9 13 15 17 
6
N 1 3 4 13 18 21 
6
N 1 9 13 16 19 20 
6
N 6 8 13 14 16 25 
7
N 6 8 11 14 22 23 26 
8
N 3 5 11 12 18 20 21 25 
7
N 1 2 12 14 16 19 26 
6
N 11 15 17 21 24 26 
7
N 10 13 14 18 20 25 28 
8
N 7 13 16 17 19 23 25 28 
7
N 2 13 18 22 24 27 32 
8
N 1 9 10 17 22 23 24 31 
8
N 1 2 7 9 12 15 20 21 
8
N 1 12 22 23 27 30 31 34 
8
N 3 6 8 14 25 27 32 36 
8
N 11 18 19 22 25 28 31 32 
7
N 3 18 19 20 24 26 36 
7
N 2 7 13 18 20 32 35 
7
N 7 8 12 21 23 35 40 
8
N 5 7 9 11 26 31 34 39 
8
N 2 6 7 8 10 12 23 42 
8
N 1 18 22 24 27 39 40 41 
8
N 10 15 24 28 33 36 39 42 
8
N 4 8 9 10 25 36 39 44 
8
N 16 24 28 29 31 39 43 45 
8
N 4 20 23 24 25 36 37 46 
9
N 5 7 8 20 22 24 25 28 33 
10
N 1 5 12 14 19 22 37 39 48 49 
8
N 7 11 16 23 33 37 41 45 
9
N 2 3 4 5 6 8 23 27 45 
9
N 3 28 32 34 40 43 47 49 50 
9
N 5 14 15 24 28 32 36 41 53 
9
N 6 9 21 24 42 44 46 48 52 
9
N 4 5 11 15 26 36 38 47 50 
9
N 1 2 5 9 16 21 31 37 45 
9
N 4 6 9 17 19 36 38 41 53 
9
N 6 8 12 17 18 21 29 47 50 
9
N 1 2 20 26 29 34 38 43 50 
10
N 3 6 11 20 24 25 33 41 48 52 
10
N 3 9 24 30 31 32 34 36 45 46 
9
N 4 7 8 30 39 40 43 60 61 
9
N 9 12 15 27 31 34 36 45 62 
10
N 3 15 25 28 42 43 49 51 54 55 
9
N 7 12 17 20 26 38 40 49 59 
9
N 6 12 16 18 24 30 43 46 57 
9
N 7 13 18 21 34 35 44 57 61 
10
N 7 15 17 18 26 40 43 48 53 57 
9
N 15 29 34 51 54 56 57 68 69 
9
N 3 7 22 24 40 41 47 61 69 
10
N 8 24 26 30 34 47 49 53 54 63 
9
N 21 26 29 30 31 48 56 68 71 
11
N 3 9 21 22 24 30 32 38 53 54 63 
10
N 2 3 8 18 20 34 46 63 71 72 
10
N 2 4 13 16 26 43 65 71 72 75 
10
N 5 15 18 39 48 58 66 72 74 76 
11
N 26 28 32 37 38 50 62 64 74 76 77 
9
N 9 10 27 33 35 59 62 75 77 
9
N 1 2 4 16 18 44 67 70 74 
10
N 14 20 21 41 48 52 54 55 74 75 
10
N 16 20 24 28 38 59 60 61 63 74 
9
N 1 14 17 26 46 57 59 64 76 
11
N 5 9 20 32 33 36 58 59 62 67 76 
10
N 7 16 21 35 46 55 57 59 60 79 
10
N 16 27 47 48 49 54 58 62 72 82 
10
N 8 14 15 36 42 48 49 67 78 83 
10
N 12 17 20 27 49 53 56 60 66 69 
11
N 7 11 18 26 39 42 50 56 58 59 72 
10
N 7 15 30 32 47 60 65 72 78 85 
10
N 1 13 14 28 42 47 48 50 58 88 
10
N 12 19 22 27 31 59 67 69 86 89 
10
N 6 7 8 15 25 49 60 71 91 92 
10
N 4 8 21 22 38 45 54 68 77 85 
11
N 4 22 47 53 55 62 63 64 76 81 87 
11
N 2 12 20 21 23 24 26 34 35 71 75 
11
N 14 32 46 47 54 55 61 63 82 95 96 
10
N 16 32 33 54 62 66 71 84 92 97 
10
N 12 17 20 23 25 27 37 59 74 83 
10
N 13 19 24 27 28 59 64 69 71 80 
10
N 4 16 54 59 72 75 78 88 90 96 
