874900609
369794027
417366884
445540104
77447351
49701603
4590253
261922252
17188133
367456977
415794489
600547548
21612480
39972225
121511027
130555496
353820381
40768841
70300884
266785260
446008544
448698920
455632849
482466366
64673283
187623436
33477852
142689434
6445258
53912349
230032689
16196648
295787025
53253657
12942838
571391121
55503728
251428065
120959814
282142126
632326398
142618044
442755530
561765796
100766124
42952024
14628853
107056657
2072760
12692164
430647841
752508801
755438832
21317153
13921782
116548579
370101799
466210560
162282357
719664705
4181065
150533440
551152754
54440961
31487241
50775975
66981429
129721862
547812001
70043507
18794473
268738680
140093357
154574929
422156211
123247949
16710756
57504
64967400
4706935
1512139
444274704
18050012
523864448
305138353
593592130
551886846
204992536
141262345
7209634
692070098
329147403
2922517
107910344
50315463
9467464
154307040
753246699
588929391
758247732
639230876
402354062
322696665
230441
47760167
249159015
441047194
82091715
691646014
60127029
18726378
180589329
318284261
110582723
65537452
295676956
11871097
220598988
33142093
254827014
163105077
484376481
158621010
154596303
112324441
11040604
31740928
236182311
24966640
107968965
89966112
319166565
711700830
23394928
246867182
57943324
91178166
253398118
128049738
325022104
118491233
213989748
108104481
16180897
10007523
156345349
686442318
36293112
178683481
186183309
998143
91788083
107072257
282526531
630775806
134129919
736013900
85391784
496764
433250225
14078537
272835207
87044336
13393873
211164105
496918083
291683136
485358094
161475340
34501251
133180345
682761855
13553860
270622601
13658431
133701640
49844604
800326981
97420801
123763528
97956032
6101336
65579689
674175430
46865419
96437962
441462121
99443465
25605560
747563860
19087873
346841073
497616102
550649357
269736520
385141056
467019915
38431649
1663226
209123261
26717571
3892033
270710297
36505352
226323421
267023800
249314376
71412253
165621150
79170484
100927702
769755
466586725
143979158
361165329
365235910
273092039
57897648
75365174
12928922
901004
241136927
24496090
3130
342813581
249307251
983441868
46902249
38053493
11283185
109047457
16676167
38144268
103086986
34746132
118244916
124741744
20956433
121138903
268375020
149757075
169438421
35159323
336060904
25912229
29844144
430091071
193947115
42070604
388340461
775904945
311418000
195500053
66581450
283910650
90174679
358188949
261209613
252252723
296859343
100346352
190367339
75790086
10682865
3183957
816093713
239866227
18211366
212754901
11221985
264337536
474457
1005172
76675991
41512033
375906742
122163445
5857051
42095708
401005360
394073016
815340
188878221
29352876
732502241
21987019
269339021
197100226
112342240
685288120
704250849
255071677
269040999
657906847
78013992
26904912
94620582
33355172
77112000
129083201
694159686
237487471
175155992
396636972
7549684
373820025
27381664
1288492
113355309
281011365
333382648
210506796
81491309
7240100
23612752
7651669
706347409
238705561
101564204
730519210
80460974
140998975
32204189
134012038
347446755
41889853
28032065
208258152
321601104
261448368
7745764
367404
399367471
437393137
781752768
10590658
25491101
18986589
471303144
148975135
339721460
59640962
271995581
71382976
504604619
14515
149073724
113812840
81478594
95923101
64400995
1184977
273942473
206515379
413778117
202308177
388053856
622882936
41981936
773294
116946849
535424183
143248667
786514768
36339681
1093450
64439047
678746516
25672690
40167696
182328969
188749763
152872016
288668340
365931
145810030
862660051
169102402
6255058
35328849
159627029
520326856
562725701
584501644
133759211
3377700
56887489
45854448
27671440
396859982
338580808
28449484
62567905
57398796
181231668
697077657
375948351
23847093
213104856
466764984
26659845
24553253
969456801
377516486
531205971
58906241
307198447
336154224
66153160
3253749
85330688
449531025
35854896
750895441
51416
1407346
675649624
333043441
37852038
180726747
151438765
194936125
81443194
50482833
101493017
38212849
279262512
550608830
888432080
783609793
926811
45969112
398680226
154466789
138018585
367850176
601456438
474006856
505770331
157672429
79859313
58844535
72957282
517571676
134318448
601776881
679656076
225591157
507168769
204209079
215945653
352327009
79259181
12824596
873885544
465372937
36921336
435348440
98576116
8659453
323344643
372259376
11695372
17351053
5152841
17313697
597568063
2823856
145810464
844487
16735089
675720433
65098041
765203820
31036290
422852921
696430155
90208576
366546973
610944962
12836058
122054333
9122850
20997677
111709063
20520401
542790297
974336
4837520
262440
284474841
3519883
82756321
174675642
753053874
856380038
340110141
557175514
633953465
436671166
591755861
98939665
469713058
104266
121613124
210959
741061986
182289730
32661225
368440547
165915709
34312490
14840682
378714798
158291506
718634808
244105320
201485043
348149908
496406144
304291
68330100
14375161
406456093
429387868
483555226
500428933
460696778
337646462
608466954
198238491
6524905
95170561
78445631
38963
358743753
622915678
86249682
777891149
209531764
100880376
629290001
119045875
39319340
256195536
277155189
102466996
243434586
797246968
128626564
404699814
194249837
330069293
450033190
51920144
459556037
15788378
419188129
746294176
318763264
274197889
33483904
28219870
274425158
369447860
41542869
92617875
24125688
44260276
413017899
65222611
145319098
90974167
13915001
334977328
235355233
604540253
28881025
108372223
365675203
232165012
137208657
638166595
66233413
122631719
476865595
313592441
143019109
199429738
328579996
25987185
160647446
175820134
9341654
88598456
128226471
7182660
619098287
126322480
249464434
17641143
346245225
8815624
42662854
436213046
12796357
12255831
832445376
666150317
435099120
665930548
90211101
308379808
448320841
461724582
78656320
277947743
858838488
57715492
48230833
38345361
58366399
21179501
231442420
45544519
15198514
94711
15613286
18054576
113537436
524203216
493652385
11512799
270536853
82780690
116216133
478136816
796730952
369609
23779117
170131141
323276569
167296601
42457636
46030258
53089246
22143549
94501033
68394960
40852052
186341525
109262049
612248452
61227806
640947916
58527424
387791068
29473616
247321732
246506456
7010321
519368007
613464085
292624047
515685845
142216968
117641210
6888122
115858432
606364423
9391368
393936401
383206300
341192949
526921026
528814
637272213
37773191
4847482
418831982
88734176
410985042
238703007
171528168
465236298
128586190
382736410
607728238
166133530
13191136
114068870
196915656
17355979
546396225
593062913
98976241
284976922
387242417
309169240
16107941
40313105
6334017
23091803
265531876
385738765
363138206
88119896
326429
136192192
460413057
2915448
59501008
362410806
979798
118260097
610172434
109767216
334293704
89292672
595649618
54768077
223385704
32410945
102045167
4947430
126268651
9376268
668788199
46210766
87224574
378351099
195281871
248649822
596838893
94835140
106745524
107794795
337526838
230807608
723924879
142755228
175768944
3278163
108504556
38137111
217002542
730436211
170618583
928727895
335692741
267867244
11068624
20141634
116616173
41408363
163651441
798508045
169531948
64964021
7139088
135371870
415997001
165994120
306742615
11285265
472829733
29587725
37277380
156136188
19957600
28014
533434
668120654
437664607
162048121
110844639
235099256
135923184
177107157
381321931
511029804
408612411
244103960
5136141
19630865
462489074
606867730
256645554
310163134
101270
91470460
314454266
126150755
236323429
72693949
13088062
31376771
309784814
109808844
174803446
12991581
911525383
940156516
709520176
9096524
15004615
403470941
202412136
318188000
11366356
447662424
389989193
314866629
652956840
231848211
133829748
75661243
5667614
187475716
26593792
689970480
54919964
82010495
660737716
66745032
64201616
406319559
13600409
122411836
282620568
18719825
37815103
82338541
15594112
14630076
7563696
64265627
293848529
217894596
662269048
172429705
152647085
413633935
337601071
919559
715118618
269281024
20621
328841633
276418902
63035169
229781800
160170347
7488210
400412116
209482856
21049578
41068624
118349955
269061049
1875545
551750
10836477
101979072
4936249
181996333
55251637
252863951
285447664
210259637
236779110
160925104
25270794
650046346
38676043
32461861
459118454
550936994
948967
152168146
47713497
559213176
740816355
416742022
378807564
902309644
36979716
172536392
44248829
850952579
87785658
218757
134669285
240630048
548392305
47645804
359015531
249597184
338048501
258773056
115390981
438201297
3591828
76616351
486577395
675980369
766720295
573479281
669666015
699449058
20922793
532557858
5684240
429442708
361364968
560334789
485341825
1355320
95559297
9205248
63167669
20018981
100464980
138492034
191181061
303146262
191439916
29121923
524907292
95183755
363538275
214733600
356268483
100778082
881328
92117431
13212007
147323941
267547153
450641663
246231048
436077686
181058202
164185210
132104920
19377478
161895104
298177171
335085304
173069101
260627966
622572832
252638758
228035854
38436092
840188944
14559644
242685014
925852801
82679868
345089547
380052195
501570132
31375206
509557902
663861720
183321345
371318936
22207240
321769222
392873328
595459513
219501127
62350896
527662612
73816122
17598247
105316177
61105321
73728404
345496781
37776228
299025229
134072535
406971409
775849957
234544226
263495483
2634600
78642334
353112761
819723997
868551
307345621
495850301
729231
614069872
33297536
83405438
185481856
