4
N 1 2 3 4 
5
N 1 2 3 4 6 
6
N 1 2 3 4 5 6 
5
N 1 4 6 7 8 
6
N 1 2 3 6 7 8 
6
N 2 3 4 5 8 9 
8
N 2 3 4 5 7 9 10 11 
6
N 1 3 4 7 9 10 
7
N 1 2 3 4 5 10 11 
8
N 1 3 4 5 6 7 9 12 
8
N 1 2 3 6 7 8 12 14 
9
N 1 2 3 4 5 7 8 10 12 
7
N 2 7 9 10 11 12 13 
10
N 2 4 7 8 9 11 12 13 14 15 
10
N 3 4 5 9 10 11 12 14 16 19 
10
N 1 2 3 6 8 9 10 15 16 20 
8
N 1 2 3 4 14 15 16 21 
10
N 2 3 4 5 10 12 13 14 19 22 
10
N 1 2 5 6 7 9 10 11 15 20 
13
N 1 2 4 7 8 9 10 11 13 14 17 18 21 
11
N 1 2 4 6 7 8 10 13 14 17 22 
12
N 1 3 4 5 6 7 12 15 21 23 24 26 
12
N 1 2 3 6 10 13 14 15 17 21 23 24 
11
N 2 4 5 6 8 12 16 17 18 27 28 
13
N 3 5 6 8 9 11 13 14 18 20 21 25 29 
13
N 2 3 5 8 13 16 17 21 23 24 25 28 29 
14
N 1 2 4 5 9 11 12 16 17 18 21 25 29 31 
12
N 2 5 9 13 14 17 21 23 25 26 28 30 
14
N 1 2 3 4 5 7 10 11 15 17 18 23 26 31 
13
N 3 4 5 8 13 15 16 17 19 22 24 28 34 
15
N 1 2 6 9 10 12 13 16 18 22 27 28 31 32 34 
15
N 1 2 7 9 10 11 12 13 18 19 20 22 31 32 34 
13
N 5 8 9 10 12 16 19 25 27 28 29 33 37 
14
N 1 2 4 5 6 10 12 13 14 15 20 21 22 33 
15
N 3 5 8 10 12 14 15 17 19 22 23 27 30 34 39 
14
N 5 12 13 16 17 21 23 29 31 32 34 35 36 39 
15
N 1 2 3 4 5 6 11 18 23 31 32 34 35 37 39 
14
N 1 2 5 7 11 22 24 25 26 29 33 35 36 38 
13
N 1 6 9 11 14 15 16 17 19 22 25 28 42 
15
N 1 3 5 6 9 11 13 16 18 20 24 29 37 38 39 
17
N 2 7 10 11 15 16 17 18 20 22 26 28 36 37 39 41 44 
17
N 3 6 8 9 13 14 17 19 27 28 30 32 34 36 37 42 43 
15
N 6 7 8 13 17 20 24 26 28 32 33 35 41 42 46 
16
N 1 6 7 8 12 15 20 24 26 28 29 36 42 43 44 46 
16
N 2 4 6 8 10 13 15 18 21 22 29 30 36 41 45 46 
14
N 6 8 9 12 23 24 28 30 31 32 34 36 41 44 
18
N 1 3 4 5 7 9 11 12 13 14 19 25 27 30 33 34 38 41 
17
N 2 4 8 13 18 22 25 26 31 32 33 36 40 41 45 49 52 
16
N 1 2 3 6 8 9 10 11 12 17 25 26 31 34 37 52 
17
N 3 5 8 10 26 30 31 33 34 35 36 37 41 43 46 52 53 
16
N 4 9 13 16 21 22 23 28 34 39 42 44 46 49 50 51 
16
N 1 6 7 19 25 28 29 30 33 37 41 42 46 49 50 54 
18
N 3 4 6 7 8 11 12 15 18 22 24 27 29 31 32 37 47 56 
17
N 6 9 10 14 16 21 23 25 29 30 32 35 36 44 49 51 57 
15
N 2 5 6 11 17 22 23 24 25 26 29 38 48 55 59 
16
N 11 12 15 19 26 28 29 33 39 41 43 48 49 51 53 58 
17
N 6 9 11 15 16 17 19 20 34 36 39 40 42 43 46 51 54 
18
N 2 4 8 16 17 18 21 22 23 28 29 30 32 44 49 57 61 62 
17
N 6 7 10 12 16 18 19 21 24 28 33 38 39 40 47 48 53 
18
N 4 6 7 8 13 14 15 19 21 24 25 33 34 35 36 54 55 60 
19
N 3 8 10 12 15 17 18 25 26 33 47 50 52 53 56 57 59 61 64 
18
N 3 6 11 17 18 22 23 24 26 27 29 30 33 41 42 44 45 66 
19
N 4 8 9 18 33 38 39 40 42 46 47 51 52 55 56 57 58 63 64 
19
N 4 6 8 9 13 16 21 22 32 35 44 46 48 49 52 57 60 63 66 
18
N 3 10 11 14 17 18 22 24 27 32 36 37 38 41 44 62 67 68 
17
N 7 9 10 11 16 19 20 28 31 39 47 49 50 52 58 64 67 
16
N 3 9 11 12 14 16 18 23 31 41 42 43 46 48 56 65 
18
N 7 8 11 17 20 21 26 30 31 32 34 37 38 39 49 52 61 66 
18
N 7 9 15 16 21 30 32 35 36 37 42 51 60 62 67 69 70 71 
19
N 1 2 3 12 16 17 23 25 26 27 29 31 33 41 45 46 62 65 69 
17
N 12 14 15 19 23 25 27 36 39 43 45 48 54 56 60 74 75 
19
N 3 7 8 9 16 18 20 22 27 29 39 40 44 47 53 65 67 69 76 
19
N 1 7 10 12 14 16 21 22 26 32 43 48 49 54 57 58 63 70 73 
16
N 4 14 17 18 19 22 29 32 33 38 42 45 54 66 70 71 
20
N 3 4 6 10 11 13 17 19 21 22 30 31 40 48 53 63 66 69 77 78 
20
N 6 7 9 11 13 14 20 24 27 30 33 43 44 50 52 59 63 67 71 78 
19
N 2 18 19 21 23 26 27 30 32 34 37 38 46 47 48 56 71 72 74 
18
N 8 9 14 25 32 33 40 43 44 45 47 59 61 64 67 70 71 80 
21
N 2 16 21 23 25 29 30 32 35 37 51 52 53 57 60 66 67 68 70 77 81 
22
N 1 2 3 5 6 7 21 22 24 28 32 42 43 44 46 53 62 67 78 79 82 84 
19
N 1 10 13 18 20 21 22 28 31 36 39 45 47 50 54 55 66 69 80 
19
N 3 11 16 19 21 25 28 29 35 40 42 43 45 47 55 63 68 72 75 
19
N 8 10 14 18 24 26 31 33 34 40 43 53 54 56 75 76 80 81 84 
20
N 2 10 17 19 20 31 42 44 45 46 50 53 58 66 70 72 79 83 86 88 
19
N 2 16 24 25 35 36 44 46 47 52 55 63 66 70 79 80 82 84 86 
21
N 2 8 19 33 39 40 45 49 51 54 66 69 73 75 76 79 82 83 86 89 90 
19
N 6 16 20 21 27 28 33 42 50 53 58 59 63 64 66 74 76 89 90 
20
N 1 2 8 9 12 15 17 24 26 27 39 43 46 51 55 56 58 74 86 89 
20
N 1 3 10 11 22 28 37 59 62 70 76 77 78 81 82 83 84 85 87 93 
21
N 2 7 13 14 24 29 34 38 41 45 49 58 65 66 72 76 78 84 86 90 94 
21
N 1 3 7 10 12 25 29 31 38 42 45 46 57 65 71 75 76 79 88 89 95 
20
N 8 9 13 17 31 32 40 44 45 48 54 57 62 63 67 70 77 79 81 86 
23
N 4 6 16 18 20 23 27 35 39 42 44 46 47 54 60 63 64 67 79 80 86 89 95 
18
N 4 8 9 10 13 14 19 26 27 44 56 62 66 72 80 84 88 94 
19
N 1 14 15 17 19 21 23 34 35 38 43 45 61 65 75 84 86 93 96 
22
N 2 10 15 18 28 30 32 35 36 40 42 44 49 50 54 55 60 74 75 83 86 98 
