3
N 1 2 3 
3
N 1 2 6 
3
N 2 3 4 
6
N 1 2 3 5 6 7 
6
N 1 3 4 5 6 7 
6
N 1 3 5 7 9 10 
6
N 1 2 5 8 9 11 
5
N 2 3 4 5 10 
7
N 2 5 6 7 8 9 10 
6
N 1 2 3 4 5 13 
7
N 1 3 6 7 11 12 14 
7
N 1 4 6 7 9 13 14 
8
N 1 2 3 6 12 13 15 16 
8
N 2 4 5 6 12 15 16 17 
9
N 1 3 5 7 8 9 11 14 19 
9
N 1 4 5 7 9 11 13 16 19 
8
N 1 2 5 15 17 18 19 21 
8
N 3 5 6 9 10 11 13 16 
8
N 1 4 6 7 8 10 12 18 
9
N 4 5 6 8 11 13 17 18 20 
9
N 2 4 6 7 12 13 15 16 17 
9
N 3 4 9 10 13 15 17 19 23 
8
N 2 3 4 6 7 10 17 23 
9
N 3 7 12 13 14 15 17 18 26 
10
N 1 2 4 9 13 15 21 23 24 28 
10
N 1 2 12 13 14 15 18 22 25 26 
10
N 3 6 11 15 17 20 23 25 28 29 
9
N 2 3 5 6 10 16 18 21 32 
9
N 1 3 4 5 7 11 22 26 27 
11
N 3 8 15 16 19 21 23 24 26 29 30 
9
N 1 3 6 8 17 20 24 27 33 
11
N 2 5 6 7 10 11 13 17 19 22 35 
11
N 1 6 8 9 10 11 12 16 18 20 35 
10
N 1 2 10 12 18 19 29 30 33 37 
11
N 4 14 15 16 17 25 27 30 33 37 38 
12
N 7 9 14 16 18 20 28 30 31 33 36 40 
11
N 2 3 10 17 18 19 22 29 36 39 41 
11
N 7 8 14 15 19 20 29 35 40 41 42 
12
N 2 3 8 14 18 20 28 29 31 33 37 42 
12
N 2 4 10 11 14 15 20 21 25 26 31 42 
13
N 1 2 3 5 6 9 19 28 30 32 35 38 44 
12
N 3 4 6 14 21 22 23 26 29 33 38 44 
12
N 1 2 4 5 14 18 19 22 29 33 34 39 
13
N 8 11 21 22 26 28 30 32 34 38 41 44 45 
12
N 4 15 16 20 21 22 24 26 31 39 45 48 
12
N 4 5 11 13 21 22 24 26 28 31 46 49 
13
N 1 2 4 10 11 12 26 28 30 33 38 40 48 
14
N 3 5 7 9 11 13 27 34 37 40 46 47 50 52 
13
N 5 7 8 10 13 19 22 27 31 33 49 50 51 
12
N 2 3 13 14 15 24 38 40 43 45 46 48 
12
N 5 12 16 18 22 24 25 34 40 43 44 50 
11
N 5 9 12 15 18 22 31 36 40 55 56 
11
N 1 8 9 10 12 15 22 28 36 38 53 
11
N 6 12 15 17 18 20 23 25 30 44 53 
12
N 4 5 6 8 22 27 36 45 46 48 53 54 
13
N 1 2 7 24 29 35 44 46 48 49 54 56 57 
15
N 4 5 7 9 10 16 17 25 27 29 32 39 48 57 60 
13
N 1 3 15 16 17 18 19 21 22 29 30 46 61 
12
N 5 6 11 18 21 26 29 37 45 47 54 60 
14
N 1 7 19 20 36 41 42 43 46 51 53 56 60 64 
14
N 18 21 24 33 36 37 41 45 46 54 57 60 61 65 
16
N 2 3 6 10 12 19 20 24 32 35 38 50 54 55 57 63 
12
N 3 7 14 17 26 28 37 38 39 49 50 54 
14
N 3 13 16 21 25 35 38 40 41 44 48 64 65 68 
14
N 1 5 7 14 16 17 20 27 31 33 45 55 58 67 
15
N 4 10 24 27 34 43 44 46 52 53 55 59 61 65 66 
15
N 2 5 21 25 29 39 45 48 50 55 56 61 67 69 71 
11
N 2 7 19 27 28 29 31 32 39 47 58 
14
N 10 15 16 20 38 41 44 47 49 50 59 65 66 72 
13
N 8 13 14 29 33 38 41 54 60 64 67 68 73 
14
N 7 9 14 20 26 30 33 38 57 60 61 65 66 69 
15
N 3 10 14 21 29 32 37 38 46 49 55 57 60 74 76 
15
N 4 9 14 19 20 31 33 35 51 55 59 65 67 70 71 
13
N 1 3 11 25 26 32 34 36 40 41 49 51 59 
15
N 2 7 9 14 22 25 28 29 38 49 50 55 58 63 64 
14
N 6 8 10 12 19 20 21 46 55 56 59 69 76 79 
16
N 6 12 14 15 20 22 26 43 44 50 52 53 58 61 65 74 
15
N 4 17 26 27 32 38 41 47 53 56 63 69 72 75 79 
15
N 4 10 14 22 25 32 35 38 40 45 54 60 63 64 79 
13
N 2 6 7 12 24 32 34 36 50 57 58 67 69 
15
N 10 12 28 30 32 35 36 38 45 46 52 60 79 81 82 
14
N 2 3 7 12 25 28 31 35 36 38 39 42 43 56 
15
N 4 6 12 14 18 19 31 42 51 56 66 72 76 78 85 
15
N 2 9 12 13 14 26 31 34 37 51 65 67 72 77 88 
16
N 11 14 22 27 28 30 33 42 52 58 69 73 75 77 80 85 
15
N 1 5 16 17 30 39 45 50 56 59 60 69 70 79 80 
16
N 14 16 24 29 32 35 40 53 56 59 61 65 72 77 82 88 
14
N 2 7 8 11 18 19 29 30 37 38 41 47 84 91 
15
N 3 6 7 23 24 39 43 44 48 58 62 67 68 81 90 
15
N 5 12 18 30 35 42 44 46 57 58 64 67 84 85 88 
14
N 6 7 10 15 19 26 32 34 44 48 58 59 85 87 
13
N 3 4 9 14 29 38 40 54 58 72 89 90 96 
16
N 17 18 20 25 29 32 33 37 49 52 64 66 68 73 84 89 
15
N 8 9 24 26 39 40 41 46 58 60 66 67 75 78 88 
14
N 2 13 14 24 26 27 34 36 43 52 60 62 87 99 
14
N 4 5 7 8 16 24 43 48 53 66 67 76 82 95 
15
N 2 11 16 24 28 31 38 46 47 63 68 75 78 83 85 
14
N 10 11 12 22 31 36 42 54 56 69 71 77 78 84 
13
N 5 12 16 32 44 50 54 64 76 93 94 95 99 
17
N 1 4 11 25 28 35 39 40 46 52 53 61 67 88 89 93 100 
16
N 1 5 24 36 37 45 53 59 66 71 72 76 80 87 93 102 
16
N 2 4 7 17 31 35 36 47 50 55 61 69 77 82 87 97 
16
N 8 9 11 12 30 45 48 59 63 73 80 90 91 97 98 103 
16
N 8 15 19 35 37 38 43 44 56 67 68 74 76 80 96 98 
15
N 1 15 29 30 32 36 45 47 56 67 73 80 87 96 100 
14
N 3 5 28 40 51 52 55 68 73 81 82 85 93 103 
16
N 4 17 20 45 52 53 59 61 63 68 79 92 99 100 101 102 
14
N 2 9 11 34 37 57 69 71 74 79 82 91 107 109 
16
N 8 15 19 20 23 27 29 33 40 55 57 61 71 72 97 109 
14
N 5 23 37 57 73 77 80 81 87 89 106 110 113 114 
15
N 10 19 33 41 42 45 67 68 73 79 80 83 88 89 105 
16
N 4 5 9 17 32 43 47 52 60 63 76 81 90 95 105 115 
14
N 3 20 50 54 64 73 75 78 87 93 95 96 105 112 
16
N 6 10 13 18 23 36 42 51 54 59 60 62 79 94 105 116 
16
N 20 23 35 44 45 54 56 60 62 86 88 90 100 101 116 117 
17
N 10 29 36 46 47 57 58 59 66 69 82 90 92 93 97 116 117 
16
N 6 10 16 26 42 46 54 55 56 57 66 69 73 85 106 112 
15
N 1 11 20 25 29 32 33 38 59 62 70 79 98 105 107 
15
N 5 10 11 21 36 38 43 49 67 74 78 83 92 93 95 
15
N 1 4 10 24 35 39 53 63 75 76 77 80 82 104 112 
18
N 7 10 11 17 23 26 48 55 74 75 86 98 102 103 107 111 117 121 
17
N 3 6 11 21 24 47 68 72 80 82 87 89 90 106 113 121 126 
15
N 4 19 27 31 37 44 47 50 59 72 74 78 79 99 113 
16
N 2 8 19 28 33 44 54 55 72 79 92 94 105 106 114 117 
18
N 3 11 23 26 32 35 43 48 59 63 69 71 95 97 105 112 116 122 
18
N 9 17 20 28 36 49 58 59 66 68 78 83 88 99 102 108 123 130 
16
N 7 13 20 25 33 38 63 67 77 88 89 95 101 116 125 131 
16
N 6 10 21 36 39 42 45 60 68 81 91 94 103 108 114 130 
16
N 4 22 25 39 42 49 54 88 92 98 101 116 118 120 121 125 
16
N 3 10 35 41 46 51 53 58 63 67 71 74 86 101 105 111 
14
N 3 12 13 22 24 25 31 33 39 60 73 100 102 135 
16
N 14 19 21 22 23 25 27 48 51 52 69 84 87 91 100 123 
14
N 15 21 30 42 62 81 82 98 99 106 114 117 120 137 
18
N 7 16 18 27 31 38 40 48 57 69 84 86 96 97 103 104 125 134 
17
N 3 19 20 24 27 48 53 59 64 97 98 103 111 114 119 128 139 
16
N 3 15 23 24 25 33 34 42 48 54 64 68 72 76 105 125 
17
N 1 4 7 9 22 23 34 49 54 60 61 95 106 109 129 138 141 
18
N 5 14 17 19 37 44 48 55 64 74 75 98 99 100 113 121 138 142 
17
N 6 11 18 25 36 37 38 46 55 67 75 76 92 101 121 127 133 
14
N 8 22 28 38 44 45 52 68 71 77 88 107 127 143 
17
N 20 31 35 42 51 52 67 74 76 78 84 89 92 96 112 132 134 
17
N 2 5 14 17 35 51 57 59 61 69 73 75 82 83 101 122 145 
17
N 1 6 14 22 25 40 45 51 55 74 103 105 116 119 120 127 129 
18
N 2 9 12 44 57 59 73 84 87 89 91 93 105 112 136 140 145 146 
17
N 17 23 27 28 30 50 58 72 89 93 105 106 108 119 128 133 143 
17
N 3 7 14 21 22 23 41 50 55 56 64 81 101 127 131 132 143 
16
N 3 20 41 46 59 68 94 95 104 105 106 107 120 143 147 148 
15
N 6 13 34 40 46 52 58 59 103 112 117 129 130 132 142 
16
N 8 25 30 32 51 56 65 66 90 97 99 112 127 130 139 141 
18
N 6 7 18 20 30 35 41 45 71 77 82 94 95 109 114 115 140 145 
19
N 1 2 3 5 14 33 44 61 63 90 105 114 117 118 127 129 131 136 148 
18
N 22 30 36 39 55 67 79 83 102 108 111 112 124 128 129 147 148 151 
18
N 8 15 16 20 34 42 43 56 82 85 91 95 108 110 113 120 131 144 
17
N 3 8 23 25 58 64 66 68 84 87 98 109 114 126 132 144 145 
18
N 1 2 3 21 23 24 35 36 41 54 60 64 69 75 91 96 104 142 
20
N 23 29 35 38 44 53 55 68 79 84 86 89 92 94 102 108 115 117 132 152 
16
N 4 6 10 37 45 47 50 70 75 90 114 117 129 143 151 156 
16
N 2 16 20 27 41 50 57 62 63 91 102 126 130 136 147 158 
17
N 1 7 9 10 12 16 22 43 53 67 80 83 88 94 111 132 140 
18
N 12 20 29 39 47 51 60 65 75 110 112 115 117 142 143 146 152 155 
18
N 1 2 44 49 73 74 75 84 86 112 118 119 124 137 149 151 154 165 
15
N 14 16 24 32 35 39 50 68 76 78 95 130 143 149 158 
18
N 2 8 13 25 26 32 34 37 59 63 67 80 89 134 144 151 155 166 
17
N 7 10 12 53 62 68 69 74 81 92 98 99 104 124 156 164 165 
17
N 1 9 11 18 35 36 51 53 56 61 71 128 138 147 152 163 168 
17
N 5 14 15 28 33 35 40 57 59 71 73 82 94 100 101 132 165 
18
N 1 17 18 28 33 44 48 56 74 90 91 103 113 122 132 149 163 166 
19
N 1 19 27 39 65 74 76 80 86 90 96 98 103 109 131 139 166 168 172 
17
N 15 17 20 33 38 41 43 53 55 58 60 63 100 115 148 153 162 
17
N 13 14 15 36 39 56 58 60 74 81 106 111 120 124 136 141 142 
16
N 3 8 15 20 32 36 54 56 67 83 87 104 109 125 157 161 
16
N 1 31 37 50 54 63 66 68 69 96 109 123 135 140 149 157 
16
N 17 23 33 41 47 49 51 72 86 105 106 115 127 129 156 177 
17
N 10 13 14 16 24 27 40 48 67 71 77 79 108 129 150 154 155 
19
N 7 8 19 53 56 62 67 74 84 94 97 110 125 130 149 157 159 162 175 
17
N 10 19 23 34 36 39 42 49 73 82 87 109 125 126 127 155 160 
18
N 5 30 32 54 73 82 83 88 90 98 100 103 127 135 140 157 166 174 
17
N 16 18 23 24 35 38 49 70 83 86 105 106 140 144 163 166 179 
19
N 1 18 44 45 48 50 72 75 76 82 87 92 105 120 132 133 138 141 163 
19
N 11 14 15 31 43 47 52 69 78 79 81 89 92 94 100 101 154 170 181 
17
N 40 43 46 58 68 72 91 116 130 136 138 155 158 169 174 175 176 
17
N 29 53 61 81 83 93 96 114 115 122 131 149 154 168 170 179 182 
18
N 6 11 26 27 29 30 31 43 44 56 71 72 78 101 104 107 146 179 
18
N 15 19 26 39 40 42 90 99 110 111 119 126 133 163 167 168 182 185 
19
N 1 15 16 20 29 46 49 66 71 72 92 95 97 100 105 121 170 171 188 
17
N 2 3 20 32 68 71 75 76 93 94 138 146 176 177 178 179 189 
18
N 9 15 18 22 32 38 44 65 79 86 91 95 98 107 132 144 165 183 
17
N 10 14 16 30 44 78 81 99 101 103 108 112 116 138 140 144 156 
19
N 2 19 32 49 54 55 73 81 88 89 97 106 122 126 146 154 164 191 192 
19
N 3 25 39 69 79 88 91 96 111 120 131 139 149 150 151 175 177 181 194 
16
N 9 24 27 50 64 75 79 82 119 139 150 159 174 175 177 186 
18
N 40 44 48 54 67 75 92 94 99 103 105 124 133 146 162 187 190 191 
20
N 10 28 49 51 52 59 65 72 78 86 100 112 114 122 128 140 144 164 182 194 
18
N 34 39 51 55 58 65 79 100 102 104 148 149 153 162 175 186 190 195 
18
N 7 16 23 31 32 41 54 68 93 125 136 146 148 155 157 162 178 197 
22
N 2 13 27 29 30 31 44 49 65 72 75 97 106 107 126 135 157 166 170 174 189 199 
