1
N 1 
1
N 1 
2
N 1 2 
3
N 1 2 4 
3
N 1 2 4 
4
N 1 2 3 5 
5
N 1 3 4 5 7 
6
N 1 2 3 5 6 8 
5
N 1 3 4 6 7 
5
N 1 5 6 8 10 
7
N 1 3 4 6 7 8 10 
7
N 2 3 4 5 6 10 12 
7
N 2 5 6 7 8 9 11 
7
N 1 2 3 4 6 9 11 
8
N 3 4 5 6 7 8 9 10 
10
N 1 2 4 7 8 9 11 12 14 15 
7
N 1 3 4 5 6 8 15 
9
N 1 3 5 8 9 11 14 16 17 
10
N 3 6 9 10 12 13 14 16 17 18 
10
N 1 2 3 5 6 7 8 12 16 18 
9
N 3 4 7 9 11 12 15 16 17 
11
N 1 3 4 7 8 9 10 16 18 19 21 
10
N 1 6 7 8 10 13 14 16 19 22 
9
N 3 7 9 12 14 17 18 20 24 
10
N 1 7 9 12 17 19 20 21 22 24 
11
N 2 3 12 16 17 19 20 21 23 24 26 
11
N 1 2 5 6 10 11 12 13 17 18 23 
11
N 1 6 9 13 14 16 19 20 22 24 28 
11
N 1 3 4 7 8 9 10 13 20 22 23 
12
N 3 4 6 13 14 15 16 18 22 25 26 29 
11
N 1 9 10 12 13 17 18 22 26 27 31 
11
N 1 4 6 8 9 13 18 19 24 26 30 
12
N 1 2 6 7 9 11 15 17 20 21 24 28 
12
N 1 2 3 5 15 16 18 21 26 27 30 34 
13
N 3 4 5 7 8 13 16 18 19 20 23 28 32 
12
N 2 3 5 8 9 10 12 16 20 28 32 35 
12
N 2 3 5 11 14 15 16 18 21 25 26 28 
11
N 3 5 8 10 16 19 25 26 27 28 34 
13
N 5 9 12 13 17 22 25 26 27 32 34 36 38 
