1
N 1 
1
N 1 
2
N 1 2 
2
N 1 3 
3
N 1 3 4 
2
N 1 2 
3
N 2 3 6 
3
N 1 3 7 
3
N 4 6 8 
3
N 1 3 7 
4
N 1 2 6 9 
4
N 4 6 7 8 
5
N 2 3 5 10 12 
4
N 2 3 4 7 
5
N 2 4 11 13 15 
4
N 1 6 7 9 
5
N 2 5 8 13 17 
5
N 1 5 8 11 18 
6
N 1 5 6 7 9 14 
5
N 2 6 14 15 16 
5
N 2 6 7 15 19 
5
N 1 6 15 20 22 
5
N 2 8 10 15 18 
5
N 9 16 17 22 24 
5
N 1 5 6 12 14 
5
N 4 9 14 15 26 
6
N 4 9 18 19 24 25 
6
N 3 12 14 17 23 27 
5
N 2 4 6 19 27 
5
N 2 4 15 17 29 
7
N 3 7 11 12 14 17 18 
5
N 6 10 15 21 27 
6
N 2 5 8 12 30 32 
6
N 3 5 7 8 27 28 
6
N 15 21 22 24 28 30 
6
N 9 10 14 23 24 35 
5
N 13 20 34 35 36 
5
N 2 4 8 26 28 
6
N 4 9 10 11 32 38 
5
N 1 10 21 28 37 
5
N 1 6 9 29 35 
5
N 7 32 36 38 42 
7
N 1 3 4 11 16 26 29 
5
N 7 9 22 28 31 
6
N 6 7 11 13 30 32 
6
N 10 13 19 21 23 46 
6
N 2 13 24 33 44 46 
6
N 1 3 9 25 31 39 
6
N 9 10 16 20 37 38 
6
N 1 2 15 16 25 41 
6
N 9 14 24 31 36 46 
6
N 5 11 13 20 22 29 
5
N 4 11 14 40 50 
6
N 2 26 29 33 37 46 
7
N 3 6 12 35 42 44 49 
7
N 12 23 26 27 32 33 34 
6
N 1 9 17 26 41 43 
6
N 8 11 13 16 17 30 
6
N 5 6 26 35 42 54 
6
N 10 11 31 35 39 42 
7
N 1 11 30 34 36 39 48 
7
N 3 8 10 37 45 51 62 
6
N 3 23 24 33 56 57 
7
N 2 5 13 17 20 51 63 
6
N 20 26 29 41 55 57 
6
N 2 21 31 39 42 60 
6
N 9 15 34 58 62 67 
6
N 3 7 25 28 40 45 
6
N 9 10 20 24 32 55 
7
N 4 20 27 30 45 68 69 
7
N 14 21 29 46 54 57 64 
6
N 1 13 35 40 42 46 
7
N 3 10 15 19 40 64 73 
6
N 7 15 16 39 41 73 
7
N 12 13 17 19 26 36 65 
6
N 8 10 24 26 33 44 
7
N 6 12 15 17 41 44 47 
8
N 5 10 21 41 57 58 62 76 
7
N 6 10 23 31 51 63 72 
7
N 2 4 15 50 53 74 75 
6
N 21 33 38 60 67 75 
7
N 1 3 9 28 57 69 78 
6
N 4 29 42 46 69 79 
6
N 6 25 49 56 57 80 
6
N 6 17 44 46 60 64 
6
N 11 17 32 53 61 67 
7
N 2 14 22 25 62 67 76 
7
N 14 18 26 39 43 84 87 
8
N 23 25 26 29 33 34 38 68 
6
N 3 9 16 45 54 55 
7
N 6 26 32 49 58 60 73 
6
N 21 24 55 67 77 80 
6
N 10 28 35 59 62 93 
6
N 4 15 53 56 66 82 
6
N 9 32 45 46 89 90 
7
N 1 11 17 20 23 41 87 
8
N 17 38 55 66 68 74 81 87 
6
N 5 18 32 39 55 72 
7
N 37 47 50 64 80 85 92 
